{
  "repo": "django/django",
  "instance_id": "django__django-12113",
  "base_commit": "62254c5202e80a68f4fe6572a2be46a3d953de1a",
  "patch": "diff --git a/django/db/backends/sqlite3/creation.py b/django/db/backends/sqlite3/creation.py\n--- a/django/db/backends/sqlite3/creation.py\n+++ b/django/db/backends/sqlite3/creation.py\n@@ -98,4 +98,6 @@ def test_db_signature(self):\n         sig = [self.connection.settings_dict['NAME']]\n         if self.is_in_memory_db(test_database_name):\n             sig.append(self.connection.alias)\n+        else:\n+            sig.append(test_database_name)\n         return tuple(sig)\n",
  "test_patch": "diff --git a/tests/backends/sqlite/test_creation.py b/tests/backends/sqlite/test_creation.py\nnew file mode 100644\n--- /dev/null\n+++ b/tests/backends/sqlite/test_creation.py\n@@ -0,0 +1,18 @@\n+import copy\n+import unittest\n+\n+from django.db import connection\n+from django.test import SimpleTestCase\n+\n+\n+@unittest.skipUnless(connection.vendor == 'sqlite', 'SQLite tests')\n+class TestDbSignatureTests(SimpleTestCase):\n+    def test_custom_test_name(self):\n+        saved_settings = copy.deepcopy(connection.settings_dict)\n+        try:\n+            connection.settings_dict['NAME'] = None\n+            connection.settings_dict['TEST']['NAME'] = 'custom.sqlite.db'\n+            signature = connection.creation.test_db_signature()\n+            self.assertEqual(signature, (None, 'custom.sqlite.db'))\n+        finally:\n+            connection.settings_dict = saved_settings\n",
  "problem_statement": "admin_views.test_multidb fails with persistent test SQLite database.\nDescription\n\t \n\t\t(last modified by Mariusz Felisiak)\n\t \nI've tried using persistent SQLite databases for the tests (to make use of\n--keepdb), but at least some test fails with:\nsqlite3.OperationalError: database is locked\nThis is not an issue when only using TEST[\"NAME\"] with \"default\" (which is good enough in terms of performance).\ndiff --git i/tests/test_sqlite.py w/tests/test_sqlite.py\nindex f1b65f7d01..9ce4e32e14 100644\n--- i/tests/test_sqlite.py\n+++ w/tests/test_sqlite.py\n@@ -15,9 +15,15 @@\n DATABASES = {\n\t 'default': {\n\t\t 'ENGINE': 'django.db.backends.sqlite3',\n+\t\t'TEST': {\n+\t\t\t'NAME': 'test_default.sqlite3'\n+\t\t},\n\t },\n\t 'other': {\n\t\t 'ENGINE': 'django.db.backends.sqlite3',\n+\t\t'TEST': {\n+\t\t\t'NAME': 'test_other.sqlite3'\n+\t\t},\n\t }\n }\n% tests/runtests.py admin_views.test_multidb -v 3 --keepdb --parallel 1\n…\nOperations to perform:\n Synchronize unmigrated apps: admin_views, auth, contenttypes, messages, sessions, staticfiles\n Apply all migrations: admin, sites\nRunning pre-migrate handlers for application contenttypes\nRunning pre-migrate handlers for application auth\nRunning pre-migrate handlers for application sites\nRunning pre-migrate handlers for application sessions\nRunning pre-migrate handlers for application admin\nRunning pre-migrate handlers for application admin_views\nSynchronizing apps without migrations:\n Creating tables...\n\tRunning deferred SQL...\nRunning migrations:\n No migrations to apply.\nRunning post-migrate handlers for application contenttypes\nRunning post-migrate handlers for application auth\nRunning post-migrate handlers for application sites\nRunning post-migrate handlers for application sessions\nRunning post-migrate handlers for application admin\nRunning post-migrate handlers for application admin_views\nSystem check identified no issues (0 silenced).\nERROR\n======================================================================\nERROR: setUpClass (admin_views.test_multidb.MultiDatabaseTests)\n----------------------------------------------------------------------\nTraceback (most recent call last):\n File \"…/Vcs/django/django/db/backends/utils.py\", line 84, in _execute\n\treturn self.cursor.execute(sql, params)\n File \"…/Vcs/django/django/db/backends/sqlite3/base.py\", line 391, in execute\n\treturn Database.Cursor.execute(self, query, params)\nsqlite3.OperationalError: database is locked\nThe above exception was the direct cause of the following exception:\nTraceback (most recent call last):\n File \"…/Vcs/django/django/test/testcases.py\", line 1137, in setUpClass\n\tcls.setUpTestData()\n File \"…/Vcs/django/tests/admin_views/test_multidb.py\", line 40, in setUpTestData\n\tusername='admin', password='something', email='test@test.org',\n File \"…/Vcs/django/django/contrib/auth/models.py\", line 158, in create_superuser\n\treturn self._create_user(username, email, password, **extra_fields)\n File \"…/Vcs/django/django/contrib/auth/models.py\", line 141, in _create_user\n\tuser.save(using=self._db)\n File \"…/Vcs/django/django/contrib/auth/base_user.py\", line 66, in save\n\tsuper().save(*args, **kwargs)\n File \"…/Vcs/django/django/db/models/base.py\", line 741, in save\n\tforce_update=force_update, update_fields=update_fields)\n File \"…/Vcs/django/django/db/models/base.py\", line 779, in save_base\n\tforce_update, using, update_fields,\n File \"…/Vcs/django/django/db/models/base.py\", line 870, in _save_table\n\tresult = self._do_insert(cls._base_manager, using, fields, update_pk, raw)\n File \"…/Vcs/django/django/db/models/base.py\", line 908, in _do_insert\n\tusing=using, raw=raw)\n File \"…/Vcs/django/django/db/models/manager.py\", line 82, in manager_method\n\treturn getattr(self.get_queryset(), name)(*args, **kwargs)\n File \"…/Vcs/django/django/db/models/query.py\", line 1175, in _insert\n\treturn query.get_compiler(using=using).execute_sql(return_id)\n File \"…/Vcs/django/django/db/models/sql/compiler.py\", line 1321, in execute_sql\n\tcursor.execute(sql, params)\n File \"…/Vcs/django/django/db/backends/utils.py\", line 67, in execute\n\treturn self._execute_with_wrappers(sql, params, many=False, executor=self._execute)\n File \"…/Vcs/django/django/db/backends/utils.py\", line 76, in _execute_with_wrappers\n\treturn executor(sql, params, many, context)\n File \"…/Vcs/django/django/db/backends/utils.py\", line 84, in _execute\n\treturn self.cursor.execute(sql, params)\n File \"…/Vcs/django/django/db/utils.py\", line 89, in __exit__\n\traise dj_exc_value.with_traceback(traceback) from exc_value\n File \"…/Vcs/django/django/db/backends/utils.py\", line 84, in _execute\n\treturn self.cursor.execute(sql, params)\n File \"…/Vcs/django/django/db/backends/sqlite3/base.py\", line 391, in execute\n\treturn Database.Cursor.execute(self, query, params)\ndjango.db.utils.OperationalError: database is locked\n",
  "hints_text": "This is only an issue when setting TEST[\"NAME\"], but not NAME. The following works: DATABASES = { 'default': { 'ENGINE': 'django.db.backends.sqlite3', 'NAME': 'django_tests_default.sqlite3', }, 'other': { 'ENGINE': 'django.db.backends.sqlite3', 'NAME': 'django_tests_other.sqlite3', } }\nReproduced at 0dd2308cf6f559a4f4b50edd7c005c7cf025d1aa.\nCreated ​PR\nHey, I am able to replicate this bug and was able to fix it as well with the help of ​https://github.com/django/django/pull/11678, but the point I am stuck at is how to test it, I am not able to manipulate the cls variable so the next option that is left is create a file like test_sqlite and pass it as a parameter in runtests, should I be doing that?\nI think we should add tests/backends/sqlite/test_creation.py with regressions tests for test_db_signature(), you can take a look at tests/backends/base/test_creation.py with similar tests.",
  "created_at": "2019-11-20T17:49:06Z",
  "version": "3.1",
  "FAIL_TO_PASS": "[\"test_custom_test_name (backends.sqlite.test_creation.TestDbSignatureTests)\"]",
  "PASS_TO_PASS": "[]",
  "environment_setup_commit": "0668164b4ac93a5be79f5b87fae83c657124d9ab",
  "_download_metadata": {
    "downloaded_at": "2025-10-07T21:23:30.592713",
    "dataset_name": "swe-bench",
    "split": "test",
    "downloader_version": "0.1.0"
  }
}