{
  "repo": "pylint-dev/pylint",
  "instance_id": "pylint-dev__pylint-7097",
  "base_commit": "c33d237e6ea5795632295bb6390778a21e6f4080",
  "patch": "diff --git a/pylint/checkers/imports.py b/pylint/checkers/imports.py\n--- a/pylint/checkers/imports.py\n+++ b/pylint/checkers/imports.py\n@@ -28,6 +28,7 @@\n )\n from pylint.exceptions import EmptyReportError\n from pylint.graph import DotBackend, get_cycles\n+from pylint.interfaces import HIGH\n from pylint.reporters.ureports.nodes import Paragraph, Section, VerbatimText\n from pylint.typing import MessageDefinitionTuple\n from pylint.utils import IsortDriver\n@@ -800,10 +801,10 @@ def _get_imported_module(\n                 return None\n             self.add_message(\"relative-beyond-top-level\", node=importnode)\n         except astroid.AstroidSyntaxError as exc:\n-            message = (\n-                f\"Cannot import {modname!r} due to syntax error {str(exc.error)!r}\"\n+            message = f\"Cannot import {modname!r} due to '{exc.error}'\"\n+            self.add_message(\n+                \"syntax-error\", line=importnode.lineno, args=message, confidence=HIGH\n             )\n-            self.add_message(\"syntax-error\", line=importnode.lineno, args=message)\n \n         except astroid.AstroidBuildingError:\n             if not self.linter.is_message_enabled(\"import-error\"):\ndiff --git a/pylint/lint/pylinter.py b/pylint/lint/pylinter.py\n--- a/pylint/lint/pylinter.py\n+++ b/pylint/lint/pylinter.py\n@@ -692,11 +692,11 @@ def _check_files(\n                     )\n                     msg = get_fatal_error_message(file.filepath, template_path)\n                     if isinstance(ex, AstroidError):\n-                        symbol = \"astroid-error\"\n-                        self.add_message(symbol, args=(file.filepath, msg))\n+                        self.add_message(\n+                            \"astroid-error\", args=(file.filepath, msg), confidence=HIGH\n+                        )\n                     else:\n-                        symbol = \"fatal\"\n-                        self.add_message(symbol, args=msg)\n+                        self.add_message(\"fatal\", args=msg, confidence=HIGH)\n \n     def _check_file(\n         self,\n@@ -918,7 +918,8 @@ def get_ast(\n                 \"syntax-error\",\n                 line=getattr(ex.error, \"lineno\", 0),\n                 col_offset=getattr(ex.error, \"offset\", None),\n-                args=str(ex.error),\n+                args=f\"Parsing failed: '{ex.error}'\",\n+                confidence=HIGH,\n             )\n         except astroid.AstroidBuildingError as ex:\n             self.add_message(\"parse-error\", args=ex)\n",
  "test_patch": "diff --git a/tests/functional/i/import_error.txt b/tests/functional/i/import_error.txt\n--- a/tests/functional/i/import_error.txt\n+++ b/tests/functional/i/import_error.txt\n@@ -1,5 +1,5 @@\n import-error:3:0:3:22::Unable to import 'totally_missing':UNDEFINED\n import-error:21:4:21:26::Unable to import 'maybe_missing_2':UNDEFINED\n no-name-in-module:33:0:33:49::No name 'syntax_error' in module 'functional.s.syntax':UNDEFINED\n-syntax-error:33:0:None:None::Cannot import 'functional.s.syntax.syntax_error' due to syntax error 'invalid syntax (<unknown>, line 1)':UNDEFINED\n+syntax-error:33:0:None:None::Cannot import 'functional.s.syntax.syntax_error' due to 'invalid syntax (<unknown>, line 1)':HIGH\n multiple-imports:78:0:78:15::Multiple imports on one line (foo, bar):UNDEFINED\ndiff --git a/tests/functional/s/syntax/syntax_error.txt b/tests/functional/s/syntax/syntax_error.txt\n--- a/tests/functional/s/syntax/syntax_error.txt\n+++ b/tests/functional/s/syntax/syntax_error.txt\n@@ -1 +1 @@\n-syntax-error:1:5:None:None::invalid syntax (<unknown>, line 1):UNDEFINED\n+syntax-error:1:5:None:None::\"Parsing failed: 'invalid syntax (<unknown>, line 1)'\":HIGH\ndiff --git a/tests/test_self.py b/tests/test_self.py\n--- a/tests/test_self.py\n+++ b/tests/test_self.py\n@@ -569,12 +569,9 @@ def foobar(arg):\n                     expected_output=expected,\n                 )\n \n-    def test_stdin_syntaxerror(self) -> None:\n-        expected_output = (\n-            \"************* Module a\\n\"\n-            \"a.py:1:4: E0001: invalid syntax (<unknown>, line 1) (syntax-error)\"\n-        )\n-\n+    def test_stdin_syntax_error(self) -> None:\n+        expected_output = \"\"\"************* Module a\n+a.py:1:4: E0001: Parsing failed: 'invalid syntax (<unknown>, line 1)' (syntax-error)\"\"\"\n         with mock.patch(\n             \"pylint.lint.pylinter._read_stdin\", return_value=\"for\\n\"\n         ) as mock_stdin:\n",
  "problem_statement": "Traceback on unknown encoding\n### Steps to reproduce\n\nRun Pylint against the following code:\n```python\n# encoding=UTF-9\n```\n\n### Current behavior\n\n```pytb\nTraceback (most recent call last):\n  File \"/usr/lib/python3.7/tokenize.py\", line 397, in find_cookie\n    codec = lookup(encoding)\nLookupError: unknown encoding: UTF-9\n\nDuring handling of the above exception, another exception occurred:\n\nTraceback (most recent call last):\n  File \"/home/jwilk/.local/bin/pylint\", line 10, in <module>\n    sys.exit(run_pylint())\n  File \"/home/jwilk/.local/lib/python3.7/site-packages/pylint/__init__.py\", line 22, in run_pylint\n    PylintRun(sys.argv[1:])\n  File \"/home/jwilk/.local/lib/python3.7/site-packages/pylint/lint/run.py\", line 349, in __init__\n    linter.check(args)\n  File \"/home/jwilk/.local/lib/python3.7/site-packages/pylint/lint/pylinter.py\", line 863, in check\n    self.get_ast, self._iterate_file_descrs(files_or_modules)\n  File \"/home/jwilk/.local/lib/python3.7/site-packages/pylint/lint/pylinter.py\", line 895, in _check_files\n    for name, filepath, modname in file_descrs:\n  File \"/home/jwilk/.local/lib/python3.7/site-packages/pylint/lint/pylinter.py\", line 952, in _iterate_file_descrs\n    for descr in self._expand_files(files_or_modules):\n  File \"/home/jwilk/.local/lib/python3.7/site-packages/pylint/lint/pylinter.py\", line 961, in _expand_files\n    modules, self.config.black_list, self.config.black_list_re\n  File \"/home/jwilk/.local/lib/python3.7/site-packages/pylint/utils/utils.py\", line 187, in expand_modules\n    modparts, path=additional_search_path\n  File \"/home/jwilk/.local/lib/python3.7/site-packages/astroid/modutils.py\", line 423, in file_info_from_modpath\n    return _spec_from_modpath(modpath, path, context)\n  File \"/home/jwilk/.local/lib/python3.7/site-packages/astroid/modutils.py\", line 648, in _spec_from_modpath\n    found_spec = spec.find_spec(modpath, path)\n  File \"/home/jwilk/.local/lib/python3.7/site-packages/astroid/interpreter/_import/spec.py\", line 337, in find_spec\n    _path, modname, module_parts, processed, submodule_path or path\n  File \"/home/jwilk/.local/lib/python3.7/site-packages/astroid/interpreter/_import/spec.py\", line 300, in _find_spec_with_path\n    spec = finder.find_module(modname, module_parts, processed, submodule_path)\n  File \"/home/jwilk/.local/lib/python3.7/site-packages/astroid/interpreter/_import/spec.py\", line 124, in find_module\n    stream, mp_filename, mp_desc = imp.find_module(modname, submodule_path)\n  File \"/usr/lib/python3.7/imp.py\", line 301, in find_module\n    encoding = tokenize.detect_encoding(file.readline)[0]\n  File \"/usr/lib/python3.7/tokenize.py\", line 426, in detect_encoding\n    encoding = find_cookie(first)\n  File \"/usr/lib/python3.7/tokenize.py\", line 405, in find_cookie\n    raise SyntaxError(msg)\nSyntaxError: unknown encoding for './test.py': UTF-9\n```\n### Expected behavior\n```\ntest.py:1:3: E0001: unknown encoding: UTF-9 (<unknown>, line 1) (syntax-error)\n```\n(or something similar)\n\n### pylint --version output\n```\npylint 2.6.0\nastroid 2.4.2\nPython 3.7.3 (default, Jul 25 2020, 13:03:44) \n[GCC 8.3.0]\n```\n",
  "hints_text": "@jwilk thanks for the report.\r\nThis bug is triggered in the `imp` module that `astroid`Â uses.\r\nTo be honest i don't think it worth developing a fix inside `astroid` to solve this kind of issue that is rare and quite easy to avoid.\r\n@AWhetter @Pierre-Sassoulas @PCManticore what do you think about it?\nThis is strange, we have a functional test with a bogus encoding already (https://github.com/PyCQA/pylint/blob/master/tests/functional/u/unknown_encoding_py29.py) so this should not be happening (?)",
  "created_at": "2022-06-30T12:27:56Z",
  "version": "2.15",
  "FAIL_TO_PASS": "[\"tests/test_self.py::TestRunTC::test_stdin_syntax_error\"]",
  "PASS_TO_PASS": "[\"tests/test_self.py::TestRunTC::test_pkginfo\", \"tests/test_self.py::TestRunTC::test_all\", \"tests/test_self.py::TestRunTC::test_no_ext_file\", \"tests/test_self.py::TestRunTC::test_w0704_ignored\", \"tests/test_self.py::TestRunTC::test_exit_zero\", \"tests/test_self.py::TestRunTC::test_nonexistent_config_file\", \"tests/test_self.py::TestRunTC::test_error_missing_arguments\", \"tests/test_self.py::TestRunTC::test_no_out_encoding\", \"tests/test_self.py::TestRunTC::test_parallel_execution\", \"tests/test_self.py::TestRunTC::test_parallel_execution_missing_arguments\", \"tests/test_self.py::TestRunTC::test_enable_all_works\", \"tests/test_self.py::TestRunTC::test_wrong_import_position_when_others_disabled\", \"tests/test_self.py::TestRunTC::test_import_itself_not_accounted_for_relative_imports\", \"tests/test_self.py::TestRunTC::test_reject_empty_indent_strings\", \"tests/test_self.py::TestRunTC::test_json_report_when_file_has_syntax_error\", \"tests/test_self.py::TestRunTC::test_json_report_when_file_is_missing\", \"tests/test_self.py::TestRunTC::test_json_report_does_not_escape_quotes\", \"tests/test_self.py::TestRunTC::test_information_category_disabled_by_default\", \"tests/test_self.py::TestRunTC::test_error_mode_shows_no_score\", \"tests/test_self.py::TestRunTC::test_evaluation_score_shown_by_default\", \"tests/test_self.py::TestRunTC::test_confidence_levels\", \"tests/test_self.py::TestRunTC::test_bom_marker\", \"tests/test_self.py::TestRunTC::test_pylintrc_plugin_duplicate_options\", \"tests/test_self.py::TestRunTC::test_pylintrc_comments_in_values\", \"tests/test_self.py::TestRunTC::test_no_crash_with_formatting_regex_defaults\", \"tests/test_self.py::TestRunTC::test_getdefaultencoding_crashes_with_lc_ctype_utf8\", \"tests/test_self.py::TestRunTC::test_parseable_file_path\", \"tests/test_self.py::TestRunTC::test_stdin[/mymodule.py]\", \"tests/test_self.py::TestRunTC::test_stdin[mymodule.py-mymodule-mymodule.py]\", \"tests/test_self.py::TestRunTC::test_stdin_missing_modulename\", \"tests/test_self.py::TestRunTC::test_relative_imports[False]\", \"tests/test_self.py::TestRunTC::test_relative_imports[True]\", \"tests/test_self.py::TestRunTC::test_version\", \"tests/test_self.py::TestRunTC::test_fail_under\", \"tests/test_self.py::TestRunTC::test_fail_on[-10-missing-function-docstring-fail_under_plus7_5.py-16]\", \"tests/test_self.py::TestRunTC::test_fail_on[6-missing-function-docstring-fail_under_plus7_5.py-16]\", \"tests/test_self.py::TestRunTC::test_fail_on[7.5-missing-function-docstring-fail_under_plus7_5.py-16]\", \"tests/test_self.py::TestRunTC::test_fail_on[7.6-missing-function-docstring-fail_under_plus7_5.py-16]\", \"tests/test_self.py::TestRunTC::test_fail_on[-11-missing-function-docstring-fail_under_minus10.py-22]\", \"tests/test_self.py::TestRunTC::test_fail_on[-10-missing-function-docstring-fail_under_minus10.py-22]\", \"tests/test_self.py::TestRunTC::test_fail_on[-9-missing-function-docstring-fail_under_minus10.py-22]\", \"tests/test_self.py::TestRunTC::test_fail_on[-5-missing-function-docstring-fail_under_minus10.py-22]\", \"tests/test_self.py::TestRunTC::test_fail_on[-10-broad-except-fail_under_plus7_5.py-0]\", \"tests/test_self.py::TestRunTC::test_fail_on[6-broad-except-fail_under_plus7_5.py-0]\", \"tests/test_self.py::TestRunTC::test_fail_on[7.5-broad-except-fail_under_plus7_5.py-0]\", \"tests/test_self.py::TestRunTC::test_fail_on[7.6-broad-except-fail_under_plus7_5.py-16]\", \"tests/test_self.py::TestRunTC::test_fail_on[-11-broad-except-fail_under_minus10.py-0]\", \"tests/test_self.py::TestRunTC::test_fail_on[-10-broad-except-fail_under_minus10.py-0]\", \"tests/test_self.py::TestRunTC::test_fail_on[-9-broad-except-fail_under_minus10.py-22]\", \"tests/test_self.py::TestRunTC::test_fail_on[-5-broad-except-fail_under_minus10.py-22]\", \"tests/test_self.py::TestRunTC::test_fail_on[-10-C0116-fail_under_plus7_5.py-16]\", \"tests/test_self.py::TestRunTC::test_fail_on[-10-C-fail_under_plus7_5.py-16]\", \"tests/test_self.py::TestRunTC::test_fail_on[-10-fake1,C,fake2-fail_under_plus7_5.py-16]\", \"tests/test_self.py::TestRunTC::test_fail_on[-10-C0115-fail_under_plus7_5.py-0]\", \"tests/test_self.py::TestRunTC::test_fail_on_edge_case[opts0-0]\", \"tests/test_self.py::TestRunTC::test_fail_on_edge_case[opts1-0]\", \"tests/test_self.py::TestRunTC::test_fail_on_edge_case[opts2-16]\", \"tests/test_self.py::TestRunTC::test_fail_on_edge_case[opts3-16]\", \"tests/test_self.py::TestRunTC::test_modify_sys_path\", \"tests/test_self.py::TestRunTC::test_do_not_import_files_from_local_directory[args0]\", \"tests/test_self.py::TestRunTC::test_do_not_import_files_from_local_directory[args1]\", \"tests/test_self.py::TestRunTC::test_import_plugin_from_local_directory_if_pythonpath_cwd\", \"tests/test_self.py::TestRunTC::test_allow_import_of_files_found_in_modules_during_parallel_check\", \"tests/test_self.py::TestRunTC::test_can_list_directories_without_dunder_init\", \"tests/test_self.py::TestRunTC::test_jobs_score\", \"tests/test_self.py::TestRunTC::test_regression_parallel_mode_without_filepath\", \"tests/test_self.py::TestRunTC::test_output_file_valid_path\", \"tests/test_self.py::TestRunTC::test_output_file_invalid_path_exits_with_code_32\", \"tests/test_self.py::TestRunTC::test_fail_on_exit_code[args0-0]\", \"tests/test_self.py::TestRunTC::test_fail_on_exit_code[args1-0]\", \"tests/test_self.py::TestRunTC::test_fail_on_exit_code[args2-0]\", \"tests/test_self.py::TestRunTC::test_fail_on_exit_code[args3-6]\", \"tests/test_self.py::TestRunTC::test_fail_on_exit_code[args4-6]\", \"tests/test_self.py::TestRunTC::test_fail_on_exit_code[args5-22]\", \"tests/test_self.py::TestRunTC::test_fail_on_exit_code[args6-22]\", \"tests/test_self.py::TestRunTC::test_fail_on_exit_code[args7-6]\", \"tests/test_self.py::TestRunTC::test_fail_on_exit_code[args8-22]\", \"tests/test_self.py::TestRunTC::test_one_module_fatal_error\", \"tests/test_self.py::TestRunTC::test_fail_on_info_only_exit_code[args0-0]\", \"tests/test_self.py::TestRunTC::test_fail_on_info_only_exit_code[args1-0]\", \"tests/test_self.py::TestRunTC::test_fail_on_info_only_exit_code[args2-0]\", \"tests/test_self.py::TestRunTC::test_fail_on_info_only_exit_code[args3-0]\", \"tests/test_self.py::TestRunTC::test_fail_on_info_only_exit_code[args4-0]\", \"tests/test_self.py::TestRunTC::test_fail_on_info_only_exit_code[args5-0]\", \"tests/test_self.py::TestRunTC::test_fail_on_info_only_exit_code[args6-0]\", \"tests/test_self.py::TestRunTC::test_fail_on_info_only_exit_code[args7-1]\", \"tests/test_self.py::TestRunTC::test_fail_on_info_only_exit_code[args8-1]\", \"tests/test_self.py::TestRunTC::test_output_file_can_be_combined_with_output_format_option[text-tests/regrtest_data/unused_variable.py:4:4:\", \"tests/test_self.py::TestRunTC::test_output_file_can_be_combined_with_output_format_option[parseable-tests/regrtest_data/unused_variable.py:4:\", \"tests/test_self.py::TestRunTC::test_output_file_can_be_combined_with_output_format_option[msvs-tests/regrtest_data/unused_variable.py(4):\", \"tests/test_self.py::TestRunTC::test_output_file_can_be_combined_with_output_format_option[colorized-tests/regrtest_data/unused_variable.py:4:4:\", \"tests/test_self.py::TestRunTC::test_output_file_can_be_combined_with_output_format_option[json-\\\"message\\\":\", \"tests/test_self.py::TestRunTC::test_output_file_can_be_combined_with_custom_reporter\", \"tests/test_self.py::TestRunTC::test_output_file_specified_in_rcfile\", \"tests/test_self.py::TestRunTC::test_load_text_repoter_if_not_provided\", \"tests/test_self.py::TestRunTC::test_regex_paths_csv_validator\", \"tests/test_self.py::TestRunTC::test_max_inferred_for_complicated_class_hierarchy\", \"tests/test_self.py::TestRunTC::test_recursive\", \"tests/test_self.py::TestRunTC::test_ignore_recursive[ignored_subdirectory]\", \"tests/test_self.py::TestRunTC::test_ignore_recursive[failing.py]\", \"tests/test_self.py::TestRunTC::test_ignore_pattern_recursive[ignored_.*]\", \"tests/test_self.py::TestRunTC::test_ignore_pattern_recursive[failing.*]\", \"tests/test_self.py::TestRunTC::test_ignore_path_recursive[.*ignored.*]\", \"tests/test_self.py::TestRunTC::test_ignore_path_recursive[.*failing.*]\", \"tests/test_self.py::TestRunTC::test_recursive_current_dir\", \"tests/test_self.py::TestRunTC::test_ignore_path_recursive_current_dir\", \"tests/test_self.py::TestCallbackOptions::test_output_of_callback_options[command0-Emittable\", \"tests/test_self.py::TestCallbackOptions::test_output_of_callback_options[command1-Enabled\", \"tests/test_self.py::TestCallbackOptions::test_output_of_callback_options[command2-nonascii-checker]\", \"tests/test_self.py::TestCallbackOptions::test_output_of_callback_options[command3-Confidence(name='HIGH',\", \"tests/test_self.py::TestCallbackOptions::test_output_of_callback_options[command4-pylint.extensions.empty_comment]\", \"tests/test_self.py::TestCallbackOptions::test_output_of_callback_options[command5-Pylint\", \"tests/test_self.py::TestCallbackOptions::test_output_of_callback_options[command6-Environment\", \"tests/test_self.py::TestCallbackOptions::test_help_msg[args0-:unreachable\", \"tests/test_self.py::TestCallbackOptions::test_help_msg[args1-No\", \"tests/test_self.py::TestCallbackOptions::test_help_msg[args2---help-msg:\", \"tests/test_self.py::TestCallbackOptions::test_generate_rcfile\", \"tests/test_self.py::TestCallbackOptions::test_generate_config_disable_symbolic_names\", \"tests/test_self.py::TestCallbackOptions::test_errors_only\", \"tests/test_self.py::TestCallbackOptions::test_errors_only_functions_as_disable\", \"tests/test_self.py::TestCallbackOptions::test_verbose\", \"tests/test_self.py::TestCallbackOptions::test_enable_all_extensions\"]",
  "environment_setup_commit": "e90702074e68e20dc8e5df5013ee3ecf22139c3e",
  "_download_metadata": {
    "downloaded_at": "2025-10-07T21:23:30.915459",
    "dataset_name": "swe-bench",
    "split": "test",
    "downloader_version": "0.1.0"
  }
}