{
  "repo": "pytest-dev/pytest",
  "instance_id": "pytest-dev__pytest-7749",
  "base_commit": "634cde9506eb1f48dec3ec77974ee8dc952207c6",
  "patch": "diff --git a/src/_pytest/assertion/rewrite.py b/src/_pytest/assertion/rewrite.py\n--- a/src/_pytest/assertion/rewrite.py\n+++ b/src/_pytest/assertion/rewrite.py\n@@ -687,13 +687,18 @@ def run(self, mod: ast.Module) -> None:\n                     return\n                 expect_docstring = False\n             elif (\n-                not isinstance(item, ast.ImportFrom)\n-                or item.level > 0\n-                or item.module != \"__future__\"\n+                isinstance(item, ast.ImportFrom)\n+                and item.level == 0\n+                and item.module == \"__future__\"\n             ):\n-                lineno = item.lineno\n+                pass\n+            else:\n                 break\n             pos += 1\n+        # Special case: for a decorated function, set the lineno to that of the\n+        # first decorator, not the `def`. Issue #4984.\n+        if isinstance(item, ast.FunctionDef) and item.decorator_list:\n+            lineno = item.decorator_list[0].lineno\n         else:\n             lineno = item.lineno\n         imports = [\n",
  "test_patch": "diff --git a/testing/test_collection.py b/testing/test_collection.py\n--- a/testing/test_collection.py\n+++ b/testing/test_collection.py\n@@ -1393,3 +1393,17 @@ def test_modules_not_importable_as_side_effect(self, testdir):\n                 \"* 1 failed in *\",\n             ]\n         )\n+\n+\n+def test_does_not_crash_on_error_from_decorated_function(testdir: Testdir) -> None:\n+    \"\"\"Regression test for an issue around bad exception formatting due to\n+    assertion rewriting mangling lineno's (#4984).\"\"\"\n+    testdir.makepyfile(\n+        \"\"\"\n+        @pytest.fixture\n+        def a(): return 4\n+        \"\"\"\n+    )\n+    result = testdir.runpytest()\n+    # Not INTERNAL_ERROR\n+    assert result.ret == ExitCode.INTERRUPTED\n",
  "problem_statement": "Crash with NameError through decorator during collection\npytest crashes when trying to collect the following file:\r\n\r\n```python\r\n@deco\r\ndef test():\r\n    pass\r\n```\r\n\r\n```\r\nplatform linux -- Python 3.8.0a2+, pytest-4.3.2.dev108+gaff72776.d20190322, py-1.8.1.dev3+g60f50bdc.d20190322, pluggy-0.9.0\r\nrootdir: …/Vcs/pytest, inifile: tox.ini\r\nplugins: xdist-1.27.0, forked-1.0.2, cov-2.6.1\r\ncollecting ... INTERNALERROR> Traceback (most recent call last):\r\nINTERNALERROR>   File \"…/Vcs/pytest/src/_pytest/main.py\", line 209, in wrap_session\r\nINTERNALERROR>     session.exitstatus = doit(config, session) or 0\r\nINTERNALERROR>   File \"…/Vcs/pytest/src/_pytest/main.py\", line 248, in _main\r\nINTERNALERROR>     config.hook.pytest_collection(session=session)\r\nINTERNALERROR>   File \"…/Vcs/pytest/.venv/lib/python3.8/site-packages/pluggy/hooks.py\", line 289, in __call__\r\nINTERNALERROR>     return self._hookexec(self, self.get_hookimpls(), kwargs)\r\nINTERNALERROR>   File \"…/Vcs/pytest/.venv/lib/python3.8/site-packages/pluggy/manager.py\", line 68, in _hookexec\r\nINTERNALERROR>     return self._inner_hookexec(hook, methods, kwargs)\r\nINTERNALERROR>   File \"…/Vcs/pytest/.venv/lib/python3.8/site-packages/pluggy/manager.py\", line 59, in <lambda>\r\nINTERNALERROR>     self._inner_hookexec = lambda hook, methods, kwargs: hook.multicall(\r\nINTERNALERROR>   File \"…/Vcs/pytest/.venv/lib/python3.8/site-packages/pluggy/callers.py\", line 208, in _multicall\r\nINTERNALERROR>     return outcome.get_result()\r\nINTERNALERROR>   File \"…/Vcs/pytest/.venv/lib/python3.8/site-packages/pluggy/callers.py\", line 80, in get_result\r\nINTERNALERROR>     raise ex[1].with_traceback(ex[2])\r\nINTERNALERROR>   File \"…/Vcs/pytest/.venv/lib/python3.8/site-packages/pluggy/callers.py\", line 187, in _multicall\r\nINTERNALERROR>     res = hook_impl.function(*args)\r\nINTERNALERROR>   File \"…/Vcs/pytest/src/_pytest/main.py\", line 258, in pytest_collection\r\nINTERNALERROR>     return session.perform_collect()\r\nINTERNALERROR>   File \"…/Vcs/pytest/src/_pytest/main.py\", line 485, in perform_collect\r\nINTERNALERROR>     items = self._perform_collect(args, genitems)\r\nINTERNALERROR>   File \"…/Vcs/pytest/src/_pytest/main.py\", line 524, in _perform_collect\r\nINTERNALERROR>     self.items.extend(self.genitems(node))\r\nINTERNALERROR>   File \"…/Vcs/pytest/src/_pytest/main.py\", line 759, in genitems\r\nINTERNALERROR>     rep = collect_one_node(node)\r\nINTERNALERROR>   File \"…/Vcs/pytest/src/_pytest/runner.py\", line 371, in collect_one_node\r\nINTERNALERROR>     rep = ihook.pytest_make_collect_report(collector=collector)\r\nINTERNALERROR>   File \"…/Vcs/pytest/.venv/lib/python3.8/site-packages/pluggy/hooks.py\", line 289, in __call__\r\nINTERNALERROR>     return self._hookexec(self, self.get_hookimpls(), kwargs)\r\nINTERNALERROR>   File \"…/Vcs/pytest/.venv/lib/python3.8/site-packages/pluggy/manager.py\", line 68, in _hookexec\r\nINTERNALERROR>     return self._inner_hookexec(hook, methods, kwargs)\r\nINTERNALERROR>   File \"…/Vcs/pytest/.venv/lib/python3.8/site-packages/pluggy/manager.py\", line 59, in <lambda>\r\nINTERNALERROR>     self._inner_hookexec = lambda hook, methods, kwargs: hook.multicall(\r\nINTERNALERROR>   File \"…/Vcs/pytest/.venv/lib/python3.8/site-packages/pluggy/callers.py\", line 203, in _multicall\r\nINTERNALERROR>     gen.send(outcome)\r\nINTERNALERROR>   File \"…/Vcs/pytest/src/_pytest/capture.py\", line 203, in pytest_make_collect_report\r\nINTERNALERROR>     rep = outcome.get_result()\r\nINTERNALERROR>   File \"…/Vcs/pytest/.venv/lib/python3.8/site-packages/pluggy/callers.py\", line 80, in get_result\r\nINTERNALERROR>     raise ex[1].with_traceback(ex[2])\r\nINTERNALERROR>   File \"…/Vcs/pytest/.venv/lib/python3.8/site-packages/pluggy/callers.py\", line 187, in _multicall\r\nINTERNALERROR>     res = hook_impl.function(*args)\r\nINTERNALERROR>   File \"…/Vcs/pytest/src/_pytest/runner.py\", line 267, in pytest_make_collect_report\r\nINTERNALERROR>     errorinfo = collector.repr_failure(call.excinfo)\r\nINTERNALERROR>   File \"…/Vcs/pytest/src/_pytest/nodes.py\", line 328, in repr_failure\r\nINTERNALERROR>     return self._repr_failure_py(excinfo, style=\"short\")\r\nINTERNALERROR>   File \"…/Vcs/pytest/src/_pytest/nodes.py\", line 279, in _repr_failure_py\r\nINTERNALERROR>     return excinfo.getrepr(\r\nINTERNALERROR>   File \"…/Vcs/pytest/src/_pytest/_code/code.py\", line 551, in getrepr\r\nINTERNALERROR>     return fmt.repr_excinfo(self)\r\nINTERNALERROR>   File \"…/Vcs/pytest/src/_pytest/_code/code.py\", line 801, in repr_excinfo\r\nINTERNALERROR>     reprtraceback = self.repr_traceback(excinfo)\r\nINTERNALERROR>   File \"…/Vcs/pytest/src/_pytest/_code/code.py\", line 746, in repr_traceback\r\nINTERNALERROR>     reprentry = self.repr_traceback_entry(entry, einfo)\r\nINTERNALERROR>   File \"…/Vcs/pytest/src/_pytest/_code/code.py\", line 706, in repr_traceback_entry\r\nINTERNALERROR>     s = self.get_source(source, line_index, excinfo, short=short)\r\nINTERNALERROR>   File \"…/Vcs/pytest/src/_pytest/_code/code.py\", line 638, in get_source\r\nINTERNALERROR>     lines.append(space_prefix + source.lines[line_index].strip())\r\nINTERNALERROR> IndexError: list index out of range\r\n```\r\n\r\nThe failure representation works with `--assert=plain`:\r\n```\r\ncollected 0 items / 1 errors\r\n\r\n===================== ERRORS =====================\r\n_____ ERROR collecting testing/test_code.py ______\r\ntest_code.py:1: in <module>\r\n    @deco\r\nE   NameError: name 'deco' is not defined\r\n============ short test summary info =============\r\nFAILED test_code.py\r\n!!!! Interrupted: 1 errors during collection !!!!!\r\n```\r\n\r\nI've started writing a test, but it fails in both modes like the first case above:\r\n```\r\n@pytest.mark.parametrize(\"assert_rewrite\", (\"plain\", \"rewrite\"))\r\ndef test_collect_error_nameerror_with_decorator(assert_rewrite, testdir):\r\n    p1 = testdir.makepyfile(\r\n        \"\"\"\r\n        @deco\r\n        def f():\r\n            pass\r\n        \"\"\")\r\n    result = testdir.runpytest(str(p1), \"--assert=%s\" % assert_rewrite)\r\n    result.stdout.fnmatch_lines([\r\n        \"*ERROR collecting test_collect_error_nameerror_with_decorator.py*\",\r\n        \"test_collect_error.py:1: in <module>\",\r\n        \">   @deco\",\r\n        \"E   NameError: name 'deco' is not defined\",\r\n        \"test_collect_error_nameerror_with_decorator1: NameError\",\r\n    ])\r\n```\r\n\n",
  "hints_text": "Note this also happens when e.g. trying to define a fixture but forgetting to import `pytest`:\r\n\r\n```python\r\n@pytest.fixture\r\ndef myvalue():\r\n    return 42\r\n\r\ndef test_myvalue(myvalue):\r\n    assert myvalue == 42\r\n```",
  "created_at": "2020-09-12T20:08:56Z",
  "version": "6.0",
  "FAIL_TO_PASS": "[\"testing/test_collection.py::test_does_not_crash_on_error_from_decorated_function\"]",
  "PASS_TO_PASS": "[\"testing/test_collection.py::TestCollector::test_collect_versus_item\", \"testing/test_collection.py::test_fscollector_from_parent\", \"testing/test_collection.py::TestCollector::test_check_equality\", \"testing/test_collection.py::TestCollector::test_getparent\", \"testing/test_collection.py::TestCollector::test_getcustomfile_roundtrip\", \"testing/test_collection.py::TestCollector::test_can_skip_class_with_test_attr\", \"testing/test_collection.py::TestCollectFS::test_ignored_certain_directories\", \"testing/test_collection.py::TestCollectFS::test_ignored_virtualenvs[activate]\", \"testing/test_collection.py::TestCollectFS::test_ignored_virtualenvs[activate.csh]\", \"testing/test_collection.py::TestCollectFS::test_ignored_virtualenvs[activate.fish]\", \"testing/test_collection.py::TestCollectFS::test_ignored_virtualenvs[Activate]\", \"testing/test_collection.py::TestCollectFS::test_ignored_virtualenvs[Activate.bat]\", \"testing/test_collection.py::TestCollectFS::test_ignored_virtualenvs[Activate.ps1]\", \"testing/test_collection.py::TestCollectFS::test_ignored_virtualenvs_norecursedirs_precedence[activate]\", \"testing/test_collection.py::TestCollectFS::test_ignored_virtualenvs_norecursedirs_precedence[activate.csh]\", \"testing/test_collection.py::TestCollectFS::test_ignored_virtualenvs_norecursedirs_precedence[activate.fish]\", \"testing/test_collection.py::TestCollectFS::test_ignored_virtualenvs_norecursedirs_precedence[Activate]\", \"testing/test_collection.py::TestCollectFS::test_ignored_virtualenvs_norecursedirs_precedence[Activate.bat]\", \"testing/test_collection.py::TestCollectFS::test_ignored_virtualenvs_norecursedirs_precedence[Activate.ps1]\", \"testing/test_collection.py::TestCollectFS::test__in_venv[activate]\", \"testing/test_collection.py::TestCollectFS::test__in_venv[activate.csh]\", \"testing/test_collection.py::TestCollectFS::test__in_venv[activate.fish]\", \"testing/test_collection.py::TestCollectFS::test__in_venv[Activate]\", \"testing/test_collection.py::TestCollectFS::test__in_venv[Activate.bat]\", \"testing/test_collection.py::TestCollectFS::test__in_venv[Activate.ps1]\", \"testing/test_collection.py::TestCollectFS::test_custom_norecursedirs\", \"testing/test_collection.py::TestCollectFS::test_testpaths_ini\", \"testing/test_collection.py::TestCollectPluginHookRelay::test_pytest_collect_file\", \"testing/test_collection.py::TestPrunetraceback::test_custom_repr_failure\", \"testing/test_collection.py::TestCustomConftests::test_ignore_collect_path\", \"testing/test_collection.py::TestCustomConftests::test_ignore_collect_not_called_on_argument\", \"testing/test_collection.py::TestCustomConftests::test_collectignore_exclude_on_option\", \"testing/test_collection.py::TestCustomConftests::test_collectignoreglob_exclude_on_option\", \"testing/test_collection.py::TestCustomConftests::test_pytest_fs_collect_hooks_are_seen\", \"testing/test_collection.py::TestCustomConftests::test_pytest_collect_file_from_sister_dir\", \"testing/test_collection.py::TestSession::test_collect_topdir\", \"testing/test_collection.py::TestSession::test_collect_protocol_single_function\", \"testing/test_collection.py::TestSession::test_collect_protocol_method\", \"testing/test_collection.py::TestSession::test_collect_custom_nodes_multi_id\", \"testing/test_collection.py::TestSession::test_collect_subdir_event_ordering\", \"testing/test_collection.py::TestSession::test_collect_two_commandline_args\", \"testing/test_collection.py::TestSession::test_serialization_byid\", \"testing/test_collection.py::TestSession::test_find_byid_without_instance_parents\", \"testing/test_collection.py::Test_getinitialnodes::test_global_file\", \"testing/test_collection.py::Test_getinitialnodes::test_pkgfile\", \"testing/test_collection.py::Test_genitems::test_check_collect_hashes\", \"testing/test_collection.py::Test_genitems::test_example_items1\", \"testing/test_collection.py::Test_genitems::test_class_and_functions_discovery_using_glob\", \"testing/test_collection.py::test_matchnodes_two_collections_same_file\", \"testing/test_collection.py::TestNodekeywords::test_no_under\", \"testing/test_collection.py::TestNodekeywords::test_issue345\", \"testing/test_collection.py::TestNodekeywords::test_keyword_matching_is_case_insensitive_by_default\", \"testing/test_collection.py::test_exit_on_collection_error\", \"testing/test_collection.py::test_exit_on_collection_with_maxfail_smaller_than_n_errors\", \"testing/test_collection.py::test_exit_on_collection_with_maxfail_bigger_than_n_errors\", \"testing/test_collection.py::test_continue_on_collection_errors\", \"testing/test_collection.py::test_continue_on_collection_errors_maxfail\", \"testing/test_collection.py::test_fixture_scope_sibling_conftests\", \"testing/test_collection.py::test_collect_init_tests\", \"testing/test_collection.py::test_collect_invalid_signature_message\", \"testing/test_collection.py::test_collect_handles_raising_on_dunder_class\", \"testing/test_collection.py::test_collect_with_chdir_during_import\", \"testing/test_collection.py::test_collect_symlink_file_arg\", \"testing/test_collection.py::test_collect_symlink_out_of_tree\", \"testing/test_collection.py::test_collectignore_via_conftest\", \"testing/test_collection.py::test_collect_pkg_init_and_file_in_args\", \"testing/test_collection.py::test_collect_pkg_init_only\", \"testing/test_collection.py::test_collect_sub_with_symlinks[True]\", \"testing/test_collection.py::test_collect_sub_with_symlinks[False]\", \"testing/test_collection.py::test_collector_respects_tbstyle\", \"testing/test_collection.py::test_does_not_eagerly_collect_packages\", \"testing/test_collection.py::test_does_not_put_src_on_path\", \"testing/test_collection.py::TestImportModeImportlib::test_collect_duplicate_names\", \"testing/test_collection.py::TestImportModeImportlib::test_conftest\", \"testing/test_collection.py::TestImportModeImportlib::test_modules_importable_as_side_effect\", \"testing/test_collection.py::TestImportModeImportlib::test_modules_not_importable_as_side_effect\", \"testing/test_collection.py::test_collect_pyargs_with_testpaths\"]",
  "environment_setup_commit": "634cde9506eb1f48dec3ec77974ee8dc952207c6",
  "_download_metadata": {
    "downloaded_at": "2025-10-07T21:23:30.939868",
    "dataset_name": "swe-bench",
    "split": "test",
    "downloader_version": "0.1.0"
  }
}