{
  "repo": "pytest-dev/pytest",
  "instance_id": "pytest-dev__pytest-10988",
  "base_commit": "78403237cf5026f23618ea7a867bf8b674116e6f",
  "patch": "diff --git a/src/_pytest/config/__init__.py b/src/_pytest/config/__init__.py\n--- a/src/_pytest/config/__init__.py\n+++ b/src/_pytest/config/__init__.py\n@@ -526,7 +526,10 @@ def pytest_configure(self, config: \"Config\") -> None:\n     # Internal API for local conftest plugin handling.\n     #\n     def _set_initial_conftests(\n-        self, namespace: argparse.Namespace, rootpath: Path\n+        self,\n+        namespace: argparse.Namespace,\n+        rootpath: Path,\n+        testpaths_ini: Sequence[str],\n     ) -> None:\n         \"\"\"Load initial conftest files given a preparsed \"namespace\".\n \n@@ -543,7 +546,7 @@ def _set_initial_conftests(\n         )\n         self._noconftest = namespace.noconftest\n         self._using_pyargs = namespace.pyargs\n-        testpaths = namespace.file_or_dir\n+        testpaths = namespace.file_or_dir + testpaths_ini\n         foundanchor = False\n         for testpath in testpaths:\n             path = str(testpath)\n@@ -552,7 +555,14 @@ def _set_initial_conftests(\n             if i != -1:\n                 path = path[:i]\n             anchor = absolutepath(current / path)\n-            if anchor.exists():  # we found some file object\n+\n+            # Ensure we do not break if what appears to be an anchor\n+            # is in fact a very long option (#10169).\n+            try:\n+                anchor_exists = anchor.exists()\n+            except OSError:  # pragma: no cover\n+                anchor_exists = False\n+            if anchor_exists:\n                 self._try_load_conftest(anchor, namespace.importmode, rootpath)\n                 foundanchor = True\n         if not foundanchor:\n@@ -1131,7 +1141,9 @@ def _processopt(self, opt: \"Argument\") -> None:\n     @hookimpl(trylast=True)\n     def pytest_load_initial_conftests(self, early_config: \"Config\") -> None:\n         self.pluginmanager._set_initial_conftests(\n-            early_config.known_args_namespace, rootpath=early_config.rootpath\n+            early_config.known_args_namespace,\n+            rootpath=early_config.rootpath,\n+            testpaths_ini=self.getini(\"testpaths\"),\n         )\n \n     def _initini(self, args: Sequence[str]) -> None:\n",
  "test_patch": "diff --git a/testing/test_collection.py b/testing/test_collection.py\n--- a/testing/test_collection.py\n+++ b/testing/test_collection.py\n@@ -1247,6 +1247,48 @@ def test_collect_pyargs_with_testpaths(\n     result.stdout.fnmatch_lines([\"*1 passed in*\"])\n \n \n+def test_initial_conftests_with_testpaths(pytester: Pytester) -> None:\n+    \"\"\"The testpaths ini option should load conftests in those paths as 'initial' (#10987).\"\"\"\n+    p = pytester.mkdir(\"some_path\")\n+    p.joinpath(\"conftest.py\").write_text(\n+        textwrap.dedent(\n+            \"\"\"\n+            def pytest_sessionstart(session):\n+                raise Exception(\"pytest_sessionstart hook successfully run\")\n+            \"\"\"\n+        )\n+    )\n+    pytester.makeini(\n+        \"\"\"\n+        [pytest]\n+        testpaths = some_path\n+        \"\"\"\n+    )\n+    result = pytester.runpytest()\n+    result.stdout.fnmatch_lines(\n+        \"INTERNALERROR* Exception: pytest_sessionstart hook successfully run\"\n+    )\n+\n+\n+def test_large_option_breaks_initial_conftests(pytester: Pytester) -> None:\n+    \"\"\"Long option values do not break initial conftests handling (#10169).\"\"\"\n+    option_value = \"x\" * 1024 * 1000\n+    pytester.makeconftest(\n+        \"\"\"\n+        def pytest_addoption(parser):\n+            parser.addoption(\"--xx\", default=None)\n+        \"\"\"\n+    )\n+    pytester.makepyfile(\n+        f\"\"\"\n+        def test_foo(request):\n+            assert request.config.getoption(\"xx\") == {option_value!r}\n+        \"\"\"\n+    )\n+    result = pytester.runpytest(f\"--xx={option_value}\")\n+    assert result.ret == 0\n+\n+\n def test_collect_symlink_file_arg(pytester: Pytester) -> None:\n     \"\"\"Collect a direct symlink works even if it does not match python_files (#4325).\"\"\"\n     real = pytester.makepyfile(\ndiff --git a/testing/test_conftest.py b/testing/test_conftest.py\n--- a/testing/test_conftest.py\n+++ b/testing/test_conftest.py\n@@ -35,7 +35,7 @@ def __init__(self) -> None:\n             self.importmode = \"prepend\"\n \n     namespace = cast(argparse.Namespace, Namespace())\n-    conftest._set_initial_conftests(namespace, rootpath=Path(args[0]))\n+    conftest._set_initial_conftests(namespace, rootpath=Path(args[0]), testpaths_ini=[])\n \n \n @pytest.mark.usefixtures(\"_sys_snapshot\")\n",
  "problem_statement": "Pytest trying to check if custom argument is a file crashes due to filename being too long\nI have a custom flag defined in conftest.py, and when I try to assign it to a value that is too long pytest crashes before ever getting to my code. This reproduces even if the flag isn't defined, and even if the current working directory is `/`.\r\n\r\nFailing example:\r\n```bash\r\n/> pytest --xxxxx_flags=\" --xxxxxxxxxxxxxxxxxxxxxxxxxx --xxxxxxxxxxxxxxx --xxxxxxxxxxxxxxxxxxx --xxxxxxxxxxxxxxxxxxxxxxxxxxxx --xxxxxxxxxxxxxx --xxxxxxxxxxxxxxxxxxxxxxxxx --xxxxxxxxxxxxxxxxxxxx --xxxxxxxxxxxxxxxxxxxxx --xxxxxxxxxxxxxxxxxxxxxx --xxxxxxxxxxxxxxxxxxxxxxxxx\"     \r\nTraceback (most recent call last):\r\n  File \"/home/ANT.AMAZON.COM/jdckmz/.local/bin/pytest\", line 8, in <module>\r\n    sys.exit(console_main())\r\n  File \"/home/ANT.AMAZON.COM/jdckmz/.local/lib/python3.8/site-packages/_pytest/config/__init__.py\", line 188, in console_main\r\n    code = main()\r\n  File \"/home/ANT.AMAZON.COM/jdckmz/.local/lib/python3.8/site-packages/_pytest/config/__init__.py\", line 146, in main\r\n    config = _prepareconfig(args, plugins)\r\n  File \"/home/ANT.AMAZON.COM/jdckmz/.local/lib/python3.8/site-packages/_pytest/config/__init__.py\", line 325, in _prepareconfig\r\n    config = pluginmanager.hook.pytest_cmdline_parse(\r\n  File \"/home/ANT.AMAZON.COM/jdckmz/.local/lib/python3.8/site-packages/pluggy/_hooks.py\", line 265, in __call__\r\n    return self._hookexec(self.name, self.get_hookimpls(), kwargs, firstresult)\r\n  File \"/home/ANT.AMAZON.COM/jdckmz/.local/lib/python3.8/site-packages/pluggy/_manager.py\", line 80, in _hookexec\r\n    return self._inner_hookexec(hook_name, methods, kwargs, firstresult)\r\n  File \"/home/ANT.AMAZON.COM/jdckmz/.local/lib/python3.8/site-packages/pluggy/_callers.py\", line 55, in _multicall\r\n    gen.send(outcome)\r\n  File \"/home/ANT.AMAZON.COM/jdckmz/.local/lib/python3.8/site-packages/_pytest/helpconfig.py\", line 102, in pytest_cmdline_parse\r\n    config: Config = outcome.get_result()\r\n  File \"/home/ANT.AMAZON.COM/jdckmz/.local/lib/python3.8/site-packages/pluggy/_result.py\", line 60, in get_result\r\n    raise ex[1].with_traceback(ex[2])\r\n  File \"/home/ANT.AMAZON.COM/jdckmz/.local/lib/python3.8/site-packages/pluggy/_callers.py\", line 39, in _multicall\r\n    res = hook_impl.function(*args)\r\n  File \"/home/ANT.AMAZON.COM/jdckmz/.local/lib/python3.8/site-packages/_pytest/config/__init__.py\", line 1013, in pytest_cmdline_parse\r\n    self.parse(args)\r\n  File \"/home/ANT.AMAZON.COM/jdckmz/.local/lib/python3.8/site-packages/_pytest/config/__init__.py\", line 1301, in parse\r\n    self._preparse(args, addopts=addopts)\r\n  File \"/home/ANT.AMAZON.COM/jdckmz/.local/lib/python3.8/site-packages/_pytest/config/__init__.py\", line 1203, in _preparse\r\n    self.hook.pytest_load_initial_conftests(\r\n  File \"/home/ANT.AMAZON.COM/jdckmz/.local/lib/python3.8/site-packages/pluggy/_hooks.py\", line 265, in __call__\r\n    return self._hookexec(self.name, self.get_hookimpls(), kwargs, firstresult)\r\n  File \"/home/ANT.AMAZON.COM/jdckmz/.local/lib/python3.8/site-packages/pluggy/_manager.py\", line 80, in _hookexec\r\n    return self._inner_hookexec(hook_name, methods, kwargs, firstresult)\r\n  File \"/home/ANT.AMAZON.COM/jdckmz/.local/lib/python3.8/site-packages/pluggy/_callers.py\", line 60, in _multicall\r\n    return outcome.get_result()\r\n  File \"/home/ANT.AMAZON.COM/jdckmz/.local/lib/python3.8/site-packages/pluggy/_result.py\", line 60, in get_result\r\n    raise ex[1].with_traceback(ex[2])\r\n  File \"/home/ANT.AMAZON.COM/jdckmz/.local/lib/python3.8/site-packages/pluggy/_callers.py\", line 39, in _multicall\r\n    res = hook_impl.function(*args)\r\n  File \"/home/ANT.AMAZON.COM/jdckmz/.local/lib/python3.8/site-packages/_pytest/config/__init__.py\", line 1080, in pytest_load_initial_conftests\r\n    self.pluginmanager._set_initial_conftests(\r\n  File \"/home/ANT.AMAZON.COM/jdckmz/.local/lib/python3.8/site-packages/_pytest/config/__init__.py\", line 525, in _set_initial_conftests\r\n    if anchor.exists():  # we found some file object\r\n  File \"/usr/lib/python3.8/pathlib.py\", line 1407, in exists\r\n    self.stat()\r\n  File \"/usr/lib/python3.8/pathlib.py\", line 1198, in stat\r\n    return self._accessor.stat(self)\r\nOSError: [Errno 36] File name too long: '/--xxxxx_flags= --xxxxxxxxxxxxxxxxxxxxxxxxxx --xxxxxxxxxxxxxxx --xxxxxxxxxxxxxxxxxxx --xxxxxxxxxxxxxxxxxxxxxxxxxxxx --xxxxxxxxxxxxxx --xxxxxxxxxxxxxxxxxxxxxxxxx --xxxxxxxxxxxxxxxxxxxx --xxxxxxxxxxxxxxxxxxxxx --xxxxxxxxxxxxxxxxxxxxxx --xxxxxxxxxxxxxxxxxxxxxxxxx'\r\n```\r\n\r\nIf I reduce the length of the flag, I get the expected behavior for my project, and this different and expected error from my pytest MVP:\r\n```bash\r\n/> pytest --xxxxx_flags=\" --xxxxxxxxxxxxxxxxxxxxxxxxxx --xxxxxxxxxxxxxxx --xxxxxxxxxxxxxxxxxxx --xxxxxxxxxxxxxxxxxxxxxxxxxxxx --xxxxxxxxxxxxxx --xxxxxxxxxxxxxxxxxxxxxxxxx --xxxxxxxxxxxxxxxxxxxx --xxxxxxxxxxxxxxxxxxxxx --xxxxxxxxxxxxxxxxxxxxxx\"\r\n=========================================================================== test session starts ============================================================================\r\nplatform linux -- Python 3.8.10, pytest-7.0.0, pluggy-1.0.0\r\nrootdir: /\r\nplugins: flaky-3.7.0, colcon-core-0.10.0, cov-2.8.1\r\ncollected 0 items                                                                                                                                                          \r\n\r\n============================================================================= warnings summary =============================================================================\r\nhome/ANT.AMAZON.COM/jdckmz/.local/lib/python3.8/site-packages/_pytest/cacheprovider.py:433\r\n  /home/ANT.AMAZON.COM/jdckmz/.local/lib/python3.8/site-packages/_pytest/cacheprovider.py:433: PytestCacheWarning: could not create cache path /.pytest_cache/v/cache/nodeids\r\n    config.cache.set(\"cache/nodeids\", sorted(self.cached_nodeids))\r\n\r\nhome/ANT.AMAZON.COM/jdckmz/.local/lib/python3.8/site-packages/_pytest/stepwise.py:52\r\n  /home/ANT.AMAZON.COM/jdckmz/.local/lib/python3.8/site-packages/_pytest/stepwise.py:52: PytestCacheWarning: could not create cache path /.pytest_cache/v/cache/stepwise\r\n    session.config.cache.set(STEPWISE_CACHE_DIR, [])\r\n\r\n-- Docs: https://docs.pytest.org/en/stable/how-to/capture-warnings.html\r\n=========================================================================== 2 warnings in 0.01s ============================================================================\r\nERROR: file or directory not found: --xxxxx_flags= --xxxxxxxxxxxxxxxxxxxxxxxxxx --xxxxxxxxxxxxxxx --xxxxxxxxxxxxxxxxxxx --xxxxxxxxxxxxxxxxxxxxxxxxxxxx --xxxxxxxxxxxxxx --xxxxxxxxxxxxxxxxxxxxxxxxx --xxxxxxxxxxxxxxxxxxxx --xxxxxxxxxxxxxxxxxxxxx --xxxxxxxxxxxxxxxxxxxxxx\r\n```\r\n\r\nI did a little digging into my version of pytest (7.0.0) to make sure I wasn't doing something wrong, but it looks like there is a blind call to `pathlib.Path.exists()` with a path constructed from the argument in `__init__.py`:\r\n```python\r\n    #\r\n    # Internal API for local conftest plugin handling.\r\n    #\r\n    def _set_initial_conftests(\r\n        self, namespace: argparse.Namespace, rootpath: Path\r\n    ) -> None:\r\n    ...\r\n    testpaths = namespace.file_or_dir\r\n    foundanchor = False\r\n    for testpath in testpaths:\r\n            path = str(testpath)\r\n            i = path.find(\"::\")\r\n            if i != -1:\r\n                path = path[:i]\r\n            anchor = absolutepath(current / path)\r\n            if anchor.exists():  # this throws OSError which is never caught\r\n```\r\nIt seems to me like there should be a try or something here, since in cases like mine the argument may not be a file at all, and that can cause OS level errors.\r\n\r\nOperating System: Ubuntu 20.04 LTS\r\n```\r\n> pytest --version\r\npytest 7.0.0\r\n> python3 --version\r\nPython 3.8.10\r\n```\r\n```\r\n> pip list\r\n/usr/lib/python3/dist-packages/secretstorage/dhcrypto.py:15: CryptographyDeprecationWarning: int_from_bytes is deprecated, use int.from_bytes instead\r\n  from cryptography.utils import int_from_bytes\r\n/usr/lib/python3/dist-packages/secretstorage/util.py:19: CryptographyDeprecationWarning: int_from_bytes is deprecated, use int.from_bytes instead\r\n  from cryptography.utils import int_from_bytes\r\nPackage                       Version\r\n----------------------------- --------------------\r\naiohttp                       3.8.1\r\naiosignal                     1.2.0\r\nalabaster                     0.7.12\r\napturl                        0.5.2\r\nargcomplete                   1.8.1\r\nastroid                       2.9.3\r\nasync-timeout                 4.0.2\r\natomicwrites                  1.4.0\r\nattrs                         21.4.0\r\nautobahn                      17.10.1\r\nAutomat                       0.8.0\r\naws-requests-auth             0.4.3\r\nawscli                        1.22.52\r\nawscrt                        0.13.0\r\nawsiotsdk                     1.9.0\r\nBabel                         2.9.1\r\nbcrypt                        3.2.0\r\nbeautifulsoup4                4.8.2\r\nblack                         22.1.0\r\nblinker                       1.4\r\nboto3                         1.20.52\r\nbotocore                      1.23.52\r\nBrlapi                        0.7.0\r\ncached-property               1.5.1\r\ncatkin-pkg-modules            0.5.2\r\ncbor                          1.0.0\r\ncertifi                       2021.10.8\r\ncffi                          1.15.0\r\nchardet                       4.0.0\r\ncharset-normalizer            2.0.11\r\nclick                         8.0.3\r\ncmakelang                     0.6.13\r\ncmakelint                     1.4.2\r\ncolcon-argcomplete            0.3.3\r\ncolcon-bash                   0.4.2\r\ncolcon-cd                     0.1.1\r\ncolcon-cmake                  0.2.26\r\ncolcon-common-extensions      0.3.0\r\ncolcon-core                   0.10.0\r\ncolcon-defaults               0.2.6\r\ncolcon-devtools               0.2.3\r\ncolcon-library-path           0.2.1\r\ncolcon-metadata               0.2.5\r\ncolcon-notification           0.2.13\r\ncolcon-output                 0.2.12\r\ncolcon-package-information    0.3.3\r\ncolcon-package-selection      0.2.10\r\ncolcon-parallel-executor      0.2.4\r\ncolcon-pkg-config             0.1.0\r\ncolcon-powershell             0.3.7\r\ncolcon-python-setup-py        0.2.7\r\ncolcon-recursive-crawl        0.2.1\r\ncolcon-ros                    0.3.23\r\ncolcon-test-result            0.3.8\r\ncolcon-zsh                    0.4.0\r\ncolorama                      0.4.3\r\ncommand-not-found             0.3\r\nconstantly                    15.1.0\r\ncontrol                       0.9.1\r\ncov-core                      1.15.0\r\ncoverage                      4.5.2\r\ncryptography                  36.0.1\r\ncupshelpers                   1.0\r\ncycler                        0.11.0\r\nCython                        0.29.14\r\ndbus-python                   1.2.16\r\ndefer                         1.0.6\r\ndistlib                       0.3.4\r\ndistro                        1.4.0\r\ndistro-info                   0.23ubuntu1\r\ndocker                        5.0.3\r\ndocker-compose                1.25.0\r\ndockerpty                     0.4.1\r\ndocopt                        0.6.2\r\ndocutils                      0.15.2\r\nduplicity                     0.8.12.0\r\nEasyCluster                   0.22.2\r\nempy                          3.3.2\r\nentrypoints                   0.3\r\nevdev                         1.3.0\r\nfasteners                     0.14.1\r\nfilelock                      3.7.1\r\nfilemagic                     1.6\r\nflake8                        3.7.9\r\nflaky                         3.7.0\r\nfonttools                     4.29.1\r\nfrozenlist                    1.3.0\r\nfuture                        0.18.2\r\ngitdb                         4.0.9\r\ngitdb2                        4.0.2\r\ngithub.py                     0.5.0\r\nGitPython                     3.1.26\r\ngpg                           1.13.1-unknown\r\ngreenlet                      1.1.2\r\nhtml5lib                      1.0.1\r\nhttplib2                      0.14.0\r\nhyperlink                     19.0.0\r\nidna                          3.3\r\nifcfg                         0.18\r\nimagesize                     1.3.0\r\nimportlib-metadata            4.10.1\r\nincremental                   16.10.1\r\ninfluxdb                      5.3.1\r\niniconfig                     1.1.1\r\nisort                         5.10.1\r\nJinja2                        3.0.3\r\njmespath                      0.10.0\r\njsonschema                    3.2.0\r\nkeyring                       18.0.1\r\nkeyrings.alt                  3.4.0\r\nkiwisolver                    1.3.2\r\nlanguage-selector             0.1\r\nlark-parser                   0.8.1\r\nlaunchpadlib                  1.10.13\r\nlazr.restfulclient            0.14.2\r\nlazr.uri                      1.0.3\r\nlazy-object-proxy             1.7.1\r\nlockfile                      0.12.2\r\nlouis                         3.12.0\r\nlxml                          4.5.0\r\nlz4                           3.0.2+dfsg\r\nmacaroonbakery                1.3.1\r\nMako                          1.1.0\r\nMarkupSafe                    2.0.1\r\nmatplotlib                    3.5.1\r\nmccabe                        0.6.1\r\nmock                          3.0.5\r\nmonotonic                     1.5\r\nmore-itertools                8.12.0\r\nmpi4py                        3.0.3\r\nmsgpack                       1.0.3\r\nmulti-key-dict                2.0.3\r\nmultidict                     6.0.2\r\nmypy-extensions               0.4.3\r\nnetifaces                     0.10.4\r\nnose2                         0.9.1\r\nnotify2                       0.3\r\nnumpy                         1.22.2\r\noauthlib                      3.1.0\r\nolefile                       0.46\r\npackaging                     21.3\r\npandas                        1.4.0\r\nparamiko                      2.9.2\r\npathspec                      0.9.0\r\npbr                           5.8.1\r\npexpect                       4.8.0\r\nPillow                        9.0.1\r\npip                           22.1.2\r\npipenv                        2022.6.7\r\nplatformdirs                  2.5.0\r\npluggy                        1.0.0\r\nprotobuf                      3.19.4\r\npsutil                        5.8.0\r\nptyprocess                    0.7.0\r\npy                            1.11.0\r\npy-ubjson                     0.14.0\r\npyasn1                        0.4.8\r\npyasn1-modules                0.2.1\r\npybind11                      2.8.0\r\npycairo                       1.16.2\r\npycodestyle                   2.8.0\r\npycparser                     2.21\r\npycrypto                      2.6.1\r\npycups                        1.9.73\r\npydocstyle                    2.1.1\r\npydot                         1.4.1\r\npyelftools                    0.28\r\npyflakes                      2.1.1\r\nPygments                      2.11.2\r\nPyGObject                     3.36.0\r\nPyHamcrest                    1.9.0\r\nPyJWT                         1.7.1\r\npylint                        2.12.2\r\npymacaroons                   0.13.0\r\nPyNaCl                        1.5.0\r\npyOpenSSL                     19.0.0\r\npyparsing                     3.0.7\r\npypng                         0.0.20\r\nPyQRCode                      1.2.1\r\nPyQt5                         5.14.1\r\npyquaternion                  0.9.9\r\npyRFC3339                     1.1\r\npyrsistent                    0.15.5\r\npyserial                      3.5\r\npytest                        7.0.0\r\npytest-cov                    2.8.1\r\npython-apt                    2.0.0+ubuntu0.20.4.7\r\npython-dateutil               2.8.2\r\npython-debian                 0.1.36ubuntu1\r\npython-dotenv                 0.19.2\r\npython-jenkins                1.7.0\r\npython-magic                  0.4.16\r\npython-snappy                 0.5.3\r\nPyTrie                        0.2\r\npytz                          2021.3\r\npyxdg                         0.26\r\nPyYAML                        5.3.1\r\nreportlab                     3.5.34\r\nrequests                      2.27.1\r\nrequests-unixsocket           0.2.0\r\nroman                         2.0.0\r\nrosdistro-modules             0.9.0\r\nrospkg-modules                1.4.0\r\nrplidar                       0.9.2\r\nrsa                           4.7.2\r\ns3transfer                    0.5.1\r\nscipy                         1.8.0\r\nscreen-resolution-extra       0.0.0\r\nSecretStorage                 2.3.1\r\nservice-identity              18.1.0\r\nsetproctitle                  1.1.10\r\nsetuptools                    45.2.0\r\nsimplejson                    3.16.0\r\nsip                           4.19.21\r\nsix                           1.16.0\r\nsmmap                         5.0.0\r\nsmmap2                        3.0.1\r\nsnowballstemmer               2.2.0\r\nsoupsieve                     1.9.5\r\nSphinx                        4.4.0\r\nsphinx-autoapi                1.8.4\r\nsphinxcontrib-applehelp       1.0.2\r\nsphinxcontrib-devhelp         1.0.2\r\nsphinxcontrib-dotnetdomain    0.4\r\nsphinxcontrib-golangdomain    0.2.0.dev0\r\nsphinxcontrib-htmlhelp        2.0.0\r\nsphinxcontrib-jsmath          1.0.1\r\nsphinxcontrib-qthelp          1.0.3\r\nsphinxcontrib-serializinghtml 1.1.5\r\nsphinxcontrib-websupport      1.2.4\r\nSQLAlchemy                    1.4.35\r\nssh-import-id                 5.10\r\ntensorrt                      8.0.1.6\r\ntexttable                     1.6.2\r\ntoml                          0.10.2\r\ntomli                         2.0.1\r\ntripy                         1.0.0\r\nTwisted                       18.9.0\r\ntxaio                         2.10.0\r\ntyped-ast                     1.5.2\r\ntyping_extensions             4.0.1\r\nu-msgpack-python              2.1\r\nubuntu-advantage-tools        27.9\r\nubuntu-drivers-common         0.0.0\r\nufw                           0.36\r\nunattended-upgrades           0.1\r\nUnidecode                     1.3.2\r\nurllib3                       1.26.8\r\nusb-creator                   0.3.7\r\nvirtualenv                    20.14.1\r\nvirtualenv-clone              0.5.7\r\nwadllib                       1.3.3\r\nwcwidth                       0.1.8\r\nwebencodings                  0.5.1\r\nwebsocket-client              1.2.3\r\nwheel                         0.34.2\r\nwrapt                         1.13.3\r\nwsaccel                       0.6.2\r\nxdot                          1.1\r\nxkit                          0.0.0\r\nxmltodict                     0.12.0\r\nyarl                          1.7.2\r\nzipp                          3.7.0\r\nzope.interface                4.7.1\r\nzstandard                     0.17.0\r\n```\r\n- [x] a detailed description of the bug or problem you are having\r\n- [x] output of `pip list` from the virtual environment you are using\r\n- [x] pytest and operating system versions\r\n- [x] minimal example if possible\r\n\nPytest trying to check if custom argument is a file crashes due to filename being too long\nI have a custom flag defined in conftest.py, and when I try to assign it to a value that is too long pytest crashes before ever getting to my code. This reproduces even if the flag isn't defined, and even if the current working directory is `/`.\r\n\r\nFailing example:\r\n```bash\r\n/> pytest --xxxxx_flags=\" --xxxxxxxxxxxxxxxxxxxxxxxxxx --xxxxxxxxxxxxxxx --xxxxxxxxxxxxxxxxxxx --xxxxxxxxxxxxxxxxxxxxxxxxxxxx --xxxxxxxxxxxxxx --xxxxxxxxxxxxxxxxxxxxxxxxx --xxxxxxxxxxxxxxxxxxxx --xxxxxxxxxxxxxxxxxxxxx --xxxxxxxxxxxxxxxxxxxxxx --xxxxxxxxxxxxxxxxxxxxxxxxx\"     \r\nTraceback (most recent call last):\r\n  File \"/home/ANT.AMAZON.COM/jdckmz/.local/bin/pytest\", line 8, in <module>\r\n    sys.exit(console_main())\r\n  File \"/home/ANT.AMAZON.COM/jdckmz/.local/lib/python3.8/site-packages/_pytest/config/__init__.py\", line 188, in console_main\r\n    code = main()\r\n  File \"/home/ANT.AMAZON.COM/jdckmz/.local/lib/python3.8/site-packages/_pytest/config/__init__.py\", line 146, in main\r\n    config = _prepareconfig(args, plugins)\r\n  File \"/home/ANT.AMAZON.COM/jdckmz/.local/lib/python3.8/site-packages/_pytest/config/__init__.py\", line 325, in _prepareconfig\r\n    config = pluginmanager.hook.pytest_cmdline_parse(\r\n  File \"/home/ANT.AMAZON.COM/jdckmz/.local/lib/python3.8/site-packages/pluggy/_hooks.py\", line 265, in __call__\r\n    return self._hookexec(self.name, self.get_hookimpls(), kwargs, firstresult)\r\n  File \"/home/ANT.AMAZON.COM/jdckmz/.local/lib/python3.8/site-packages/pluggy/_manager.py\", line 80, in _hookexec\r\n    return self._inner_hookexec(hook_name, methods, kwargs, firstresult)\r\n  File \"/home/ANT.AMAZON.COM/jdckmz/.local/lib/python3.8/site-packages/pluggy/_callers.py\", line 55, in _multicall\r\n    gen.send(outcome)\r\n  File \"/home/ANT.AMAZON.COM/jdckmz/.local/lib/python3.8/site-packages/_pytest/helpconfig.py\", line 102, in pytest_cmdline_parse\r\n    config: Config = outcome.get_result()\r\n  File \"/home/ANT.AMAZON.COM/jdckmz/.local/lib/python3.8/site-packages/pluggy/_result.py\", line 60, in get_result\r\n    raise ex[1].with_traceback(ex[2])\r\n  File \"/home/ANT.AMAZON.COM/jdckmz/.local/lib/python3.8/site-packages/pluggy/_callers.py\", line 39, in _multicall\r\n    res = hook_impl.function(*args)\r\n  File \"/home/ANT.AMAZON.COM/jdckmz/.local/lib/python3.8/site-packages/_pytest/config/__init__.py\", line 1013, in pytest_cmdline_parse\r\n    self.parse(args)\r\n  File \"/home/ANT.AMAZON.COM/jdckmz/.local/lib/python3.8/site-packages/_pytest/config/__init__.py\", line 1301, in parse\r\n    self._preparse(args, addopts=addopts)\r\n  File \"/home/ANT.AMAZON.COM/jdckmz/.local/lib/python3.8/site-packages/_pytest/config/__init__.py\", line 1203, in _preparse\r\n    self.hook.pytest_load_initial_conftests(\r\n  File \"/home/ANT.AMAZON.COM/jdckmz/.local/lib/python3.8/site-packages/pluggy/_hooks.py\", line 265, in __call__\r\n    return self._hookexec(self.name, self.get_hookimpls(), kwargs, firstresult)\r\n  File \"/home/ANT.AMAZON.COM/jdckmz/.local/lib/python3.8/site-packages/pluggy/_manager.py\", line 80, in _hookexec\r\n    return self._inner_hookexec(hook_name, methods, kwargs, firstresult)\r\n  File \"/home/ANT.AMAZON.COM/jdckmz/.local/lib/python3.8/site-packages/pluggy/_callers.py\", line 60, in _multicall\r\n    return outcome.get_result()\r\n  File \"/home/ANT.AMAZON.COM/jdckmz/.local/lib/python3.8/site-packages/pluggy/_result.py\", line 60, in get_result\r\n    raise ex[1].with_traceback(ex[2])\r\n  File \"/home/ANT.AMAZON.COM/jdckmz/.local/lib/python3.8/site-packages/pluggy/_callers.py\", line 39, in _multicall\r\n    res = hook_impl.function(*args)\r\n  File \"/home/ANT.AMAZON.COM/jdckmz/.local/lib/python3.8/site-packages/_pytest/config/__init__.py\", line 1080, in pytest_load_initial_conftests\r\n    self.pluginmanager._set_initial_conftests(\r\n  File \"/home/ANT.AMAZON.COM/jdckmz/.local/lib/python3.8/site-packages/_pytest/config/__init__.py\", line 525, in _set_initial_conftests\r\n    if anchor.exists():  # we found some file object\r\n  File \"/usr/lib/python3.8/pathlib.py\", line 1407, in exists\r\n    self.stat()\r\n  File \"/usr/lib/python3.8/pathlib.py\", line 1198, in stat\r\n    return self._accessor.stat(self)\r\nOSError: [Errno 36] File name too long: '/--xxxxx_flags= --xxxxxxxxxxxxxxxxxxxxxxxxxx --xxxxxxxxxxxxxxx --xxxxxxxxxxxxxxxxxxx --xxxxxxxxxxxxxxxxxxxxxxxxxxxx --xxxxxxxxxxxxxx --xxxxxxxxxxxxxxxxxxxxxxxxx --xxxxxxxxxxxxxxxxxxxx --xxxxxxxxxxxxxxxxxxxxx --xxxxxxxxxxxxxxxxxxxxxx --xxxxxxxxxxxxxxxxxxxxxxxxx'\r\n```\r\n\r\nIf I reduce the length of the flag, I get the expected behavior for my project, and this different and expected error from my pytest MVP:\r\n```bash\r\n/> pytest --xxxxx_flags=\" --xxxxxxxxxxxxxxxxxxxxxxxxxx --xxxxxxxxxxxxxxx --xxxxxxxxxxxxxxxxxxx --xxxxxxxxxxxxxxxxxxxxxxxxxxxx --xxxxxxxxxxxxxx --xxxxxxxxxxxxxxxxxxxxxxxxx --xxxxxxxxxxxxxxxxxxxx --xxxxxxxxxxxxxxxxxxxxx --xxxxxxxxxxxxxxxxxxxxxx\"\r\n=========================================================================== test session starts ============================================================================\r\nplatform linux -- Python 3.8.10, pytest-7.0.0, pluggy-1.0.0\r\nrootdir: /\r\nplugins: flaky-3.7.0, colcon-core-0.10.0, cov-2.8.1\r\ncollected 0 items                                                                                                                                                          \r\n\r\n============================================================================= warnings summary =============================================================================\r\nhome/ANT.AMAZON.COM/jdckmz/.local/lib/python3.8/site-packages/_pytest/cacheprovider.py:433\r\n  /home/ANT.AMAZON.COM/jdckmz/.local/lib/python3.8/site-packages/_pytest/cacheprovider.py:433: PytestCacheWarning: could not create cache path /.pytest_cache/v/cache/nodeids\r\n    config.cache.set(\"cache/nodeids\", sorted(self.cached_nodeids))\r\n\r\nhome/ANT.AMAZON.COM/jdckmz/.local/lib/python3.8/site-packages/_pytest/stepwise.py:52\r\n  /home/ANT.AMAZON.COM/jdckmz/.local/lib/python3.8/site-packages/_pytest/stepwise.py:52: PytestCacheWarning: could not create cache path /.pytest_cache/v/cache/stepwise\r\n    session.config.cache.set(STEPWISE_CACHE_DIR, [])\r\n\r\n-- Docs: https://docs.pytest.org/en/stable/how-to/capture-warnings.html\r\n=========================================================================== 2 warnings in 0.01s ============================================================================\r\nERROR: file or directory not found: --xxxxx_flags= --xxxxxxxxxxxxxxxxxxxxxxxxxx --xxxxxxxxxxxxxxx --xxxxxxxxxxxxxxxxxxx --xxxxxxxxxxxxxxxxxxxxxxxxxxxx --xxxxxxxxxxxxxx --xxxxxxxxxxxxxxxxxxxxxxxxx --xxxxxxxxxxxxxxxxxxxx --xxxxxxxxxxxxxxxxxxxxx --xxxxxxxxxxxxxxxxxxxxxx\r\n```\r\n\r\nI did a little digging into my version of pytest (7.0.0) to make sure I wasn't doing something wrong, but it looks like there is a blind call to `pathlib.Path.exists()` with a path constructed from the argument in `__init__.py`:\r\n```python\r\n    #\r\n    # Internal API for local conftest plugin handling.\r\n    #\r\n    def _set_initial_conftests(\r\n        self, namespace: argparse.Namespace, rootpath: Path\r\n    ) -> None:\r\n    ...\r\n    testpaths = namespace.file_or_dir\r\n    foundanchor = False\r\n    for testpath in testpaths:\r\n            path = str(testpath)\r\n            i = path.find(\"::\")\r\n            if i != -1:\r\n                path = path[:i]\r\n            anchor = absolutepath(current / path)\r\n            if anchor.exists():  # this throws OSError which is never caught\r\n```\r\nIt seems to me like there should be a try or something here, since in cases like mine the argument may not be a file at all, and that can cause OS level errors.\r\n\r\nOperating System: Ubuntu 20.04 LTS\r\n```\r\n> pytest --version\r\npytest 7.0.0\r\n> python3 --version\r\nPython 3.8.10\r\n```\r\n```\r\n> pip list\r\n/usr/lib/python3/dist-packages/secretstorage/dhcrypto.py:15: CryptographyDeprecationWarning: int_from_bytes is deprecated, use int.from_bytes instead\r\n  from cryptography.utils import int_from_bytes\r\n/usr/lib/python3/dist-packages/secretstorage/util.py:19: CryptographyDeprecationWarning: int_from_bytes is deprecated, use int.from_bytes instead\r\n  from cryptography.utils import int_from_bytes\r\nPackage                       Version\r\n----------------------------- --------------------\r\naiohttp                       3.8.1\r\naiosignal                     1.2.0\r\nalabaster                     0.7.12\r\napturl                        0.5.2\r\nargcomplete                   1.8.1\r\nastroid                       2.9.3\r\nasync-timeout                 4.0.2\r\natomicwrites                  1.4.0\r\nattrs                         21.4.0\r\nautobahn                      17.10.1\r\nAutomat                       0.8.0\r\naws-requests-auth             0.4.3\r\nawscli                        1.22.52\r\nawscrt                        0.13.0\r\nawsiotsdk                     1.9.0\r\nBabel                         2.9.1\r\nbcrypt                        3.2.0\r\nbeautifulsoup4                4.8.2\r\nblack                         22.1.0\r\nblinker                       1.4\r\nboto3                         1.20.52\r\nbotocore                      1.23.52\r\nBrlapi                        0.7.0\r\ncached-property               1.5.1\r\ncatkin-pkg-modules            0.5.2\r\ncbor                          1.0.0\r\ncertifi                       2021.10.8\r\ncffi                          1.15.0\r\nchardet                       4.0.0\r\ncharset-normalizer            2.0.11\r\nclick                         8.0.3\r\ncmakelang                     0.6.13\r\ncmakelint                     1.4.2\r\ncolcon-argcomplete            0.3.3\r\ncolcon-bash                   0.4.2\r\ncolcon-cd                     0.1.1\r\ncolcon-cmake                  0.2.26\r\ncolcon-common-extensions      0.3.0\r\ncolcon-core                   0.10.0\r\ncolcon-defaults               0.2.6\r\ncolcon-devtools               0.2.3\r\ncolcon-library-path           0.2.1\r\ncolcon-metadata               0.2.5\r\ncolcon-notification           0.2.13\r\ncolcon-output                 0.2.12\r\ncolcon-package-information    0.3.3\r\ncolcon-package-selection      0.2.10\r\ncolcon-parallel-executor      0.2.4\r\ncolcon-pkg-config             0.1.0\r\ncolcon-powershell             0.3.7\r\ncolcon-python-setup-py        0.2.7\r\ncolcon-recursive-crawl        0.2.1\r\ncolcon-ros                    0.3.23\r\ncolcon-test-result            0.3.8\r\ncolcon-zsh                    0.4.0\r\ncolorama                      0.4.3\r\ncommand-not-found             0.3\r\nconstantly                    15.1.0\r\ncontrol                       0.9.1\r\ncov-core                      1.15.0\r\ncoverage                      4.5.2\r\ncryptography                  36.0.1\r\ncupshelpers                   1.0\r\ncycler                        0.11.0\r\nCython                        0.29.14\r\ndbus-python                   1.2.16\r\ndefer                         1.0.6\r\ndistlib                       0.3.4\r\ndistro                        1.4.0\r\ndistro-info                   0.23ubuntu1\r\ndocker                        5.0.3\r\ndocker-compose                1.25.0\r\ndockerpty                     0.4.1\r\ndocopt                        0.6.2\r\ndocutils                      0.15.2\r\nduplicity                     0.8.12.0\r\nEasyCluster                   0.22.2\r\nempy                          3.3.2\r\nentrypoints                   0.3\r\nevdev                         1.3.0\r\nfasteners                     0.14.1\r\nfilelock                      3.7.1\r\nfilemagic                     1.6\r\nflake8                        3.7.9\r\nflaky                         3.7.0\r\nfonttools                     4.29.1\r\nfrozenlist                    1.3.0\r\nfuture                        0.18.2\r\ngitdb                         4.0.9\r\ngitdb2                        4.0.2\r\ngithub.py                     0.5.0\r\nGitPython                     3.1.26\r\ngpg                           1.13.1-unknown\r\ngreenlet                      1.1.2\r\nhtml5lib                      1.0.1\r\nhttplib2                      0.14.0\r\nhyperlink                     19.0.0\r\nidna                          3.3\r\nifcfg                         0.18\r\nimagesize                     1.3.0\r\nimportlib-metadata            4.10.1\r\nincremental                   16.10.1\r\ninfluxdb                      5.3.1\r\niniconfig                     1.1.1\r\nisort                         5.10.1\r\nJinja2                        3.0.3\r\njmespath                      0.10.0\r\njsonschema                    3.2.0\r\nkeyring                       18.0.1\r\nkeyrings.alt                  3.4.0\r\nkiwisolver                    1.3.2\r\nlanguage-selector             0.1\r\nlark-parser                   0.8.1\r\nlaunchpadlib                  1.10.13\r\nlazr.restfulclient            0.14.2\r\nlazr.uri                      1.0.3\r\nlazy-object-proxy             1.7.1\r\nlockfile                      0.12.2\r\nlouis                         3.12.0\r\nlxml                          4.5.0\r\nlz4                           3.0.2+dfsg\r\nmacaroonbakery                1.3.1\r\nMako                          1.1.0\r\nMarkupSafe                    2.0.1\r\nmatplotlib                    3.5.1\r\nmccabe                        0.6.1\r\nmock                          3.0.5\r\nmonotonic                     1.5\r\nmore-itertools                8.12.0\r\nmpi4py                        3.0.3\r\nmsgpack                       1.0.3\r\nmulti-key-dict                2.0.3\r\nmultidict                     6.0.2\r\nmypy-extensions               0.4.3\r\nnetifaces                     0.10.4\r\nnose2                         0.9.1\r\nnotify2                       0.3\r\nnumpy                         1.22.2\r\noauthlib                      3.1.0\r\nolefile                       0.46\r\npackaging                     21.3\r\npandas                        1.4.0\r\nparamiko                      2.9.2\r\npathspec                      0.9.0\r\npbr                           5.8.1\r\npexpect                       4.8.0\r\nPillow                        9.0.1\r\npip                           22.1.2\r\npipenv                        2022.6.7\r\nplatformdirs                  2.5.0\r\npluggy                        1.0.0\r\nprotobuf                      3.19.4\r\npsutil                        5.8.0\r\nptyprocess                    0.7.0\r\npy                            1.11.0\r\npy-ubjson                     0.14.0\r\npyasn1                        0.4.8\r\npyasn1-modules                0.2.1\r\npybind11                      2.8.0\r\npycairo                       1.16.2\r\npycodestyle                   2.8.0\r\npycparser                     2.21\r\npycrypto                      2.6.1\r\npycups                        1.9.73\r\npydocstyle                    2.1.1\r\npydot                         1.4.1\r\npyelftools                    0.28\r\npyflakes                      2.1.1\r\nPygments                      2.11.2\r\nPyGObject                     3.36.0\r\nPyHamcrest                    1.9.0\r\nPyJWT                         1.7.1\r\npylint                        2.12.2\r\npymacaroons                   0.13.0\r\nPyNaCl                        1.5.0\r\npyOpenSSL                     19.0.0\r\npyparsing                     3.0.7\r\npypng                         0.0.20\r\nPyQRCode                      1.2.1\r\nPyQt5                         5.14.1\r\npyquaternion                  0.9.9\r\npyRFC3339                     1.1\r\npyrsistent                    0.15.5\r\npyserial                      3.5\r\npytest                        7.0.0\r\npytest-cov                    2.8.1\r\npython-apt                    2.0.0+ubuntu0.20.4.7\r\npython-dateutil               2.8.2\r\npython-debian                 0.1.36ubuntu1\r\npython-dotenv                 0.19.2\r\npython-jenkins                1.7.0\r\npython-magic                  0.4.16\r\npython-snappy                 0.5.3\r\nPyTrie                        0.2\r\npytz                          2021.3\r\npyxdg                         0.26\r\nPyYAML                        5.3.1\r\nreportlab                     3.5.34\r\nrequests                      2.27.1\r\nrequests-unixsocket           0.2.0\r\nroman                         2.0.0\r\nrosdistro-modules             0.9.0\r\nrospkg-modules                1.4.0\r\nrplidar                       0.9.2\r\nrsa                           4.7.2\r\ns3transfer                    0.5.1\r\nscipy                         1.8.0\r\nscreen-resolution-extra       0.0.0\r\nSecretStorage                 2.3.1\r\nservice-identity              18.1.0\r\nsetproctitle                  1.1.10\r\nsetuptools                    45.2.0\r\nsimplejson                    3.16.0\r\nsip                           4.19.21\r\nsix                           1.16.0\r\nsmmap                         5.0.0\r\nsmmap2                        3.0.1\r\nsnowballstemmer               2.2.0\r\nsoupsieve                     1.9.5\r\nSphinx                        4.4.0\r\nsphinx-autoapi                1.8.4\r\nsphinxcontrib-applehelp       1.0.2\r\nsphinxcontrib-devhelp         1.0.2\r\nsphinxcontrib-dotnetdomain    0.4\r\nsphinxcontrib-golangdomain    0.2.0.dev0\r\nsphinxcontrib-htmlhelp        2.0.0\r\nsphinxcontrib-jsmath          1.0.1\r\nsphinxcontrib-qthelp          1.0.3\r\nsphinxcontrib-serializinghtml 1.1.5\r\nsphinxcontrib-websupport      1.2.4\r\nSQLAlchemy                    1.4.35\r\nssh-import-id                 5.10\r\ntensorrt                      8.0.1.6\r\ntexttable                     1.6.2\r\ntoml                          0.10.2\r\ntomli                         2.0.1\r\ntripy                         1.0.0\r\nTwisted                       18.9.0\r\ntxaio                         2.10.0\r\ntyped-ast                     1.5.2\r\ntyping_extensions             4.0.1\r\nu-msgpack-python              2.1\r\nubuntu-advantage-tools        27.9\r\nubuntu-drivers-common         0.0.0\r\nufw                           0.36\r\nunattended-upgrades           0.1\r\nUnidecode                     1.3.2\r\nurllib3                       1.26.8\r\nusb-creator                   0.3.7\r\nvirtualenv                    20.14.1\r\nvirtualenv-clone              0.5.7\r\nwadllib                       1.3.3\r\nwcwidth                       0.1.8\r\nwebencodings                  0.5.1\r\nwebsocket-client              1.2.3\r\nwheel                         0.34.2\r\nwrapt                         1.13.3\r\nwsaccel                       0.6.2\r\nxdot                          1.1\r\nxkit                          0.0.0\r\nxmltodict                     0.12.0\r\nyarl                          1.7.2\r\nzipp                          3.7.0\r\nzope.interface                4.7.1\r\nzstandard                     0.17.0\r\n```\r\n- [x] a detailed description of the bug or problem you are having\r\n- [x] output of `pip list` from the virtual environment you are using\r\n- [x] pytest and operating system versions\r\n- [x] minimal example if possible\r\n\n",
  "hints_text": "Thanks for the report @jdckmz! \nFrom what I can tell, if we have got to this point there is no pluginmanager has picked up the command line arg, so is there really anything we can do?\nThe args that I've added aren't part of a plugin but are [part of pytest itself as I understand, documented here](https://docs.pytest.org/en/7.1.x/example/simple.html#pass-different-values-to-a-test-function-depending-on-command-line-options):\r\nIn `conftest.py`:\r\n```python\r\ndef pytest_addoption(parser):\r\n    \"\"\"pytest hook to add command line options.\"\"\"\r\n\r\n    group = parser.getgroup(\"Canvas Test Options\")\r\n    group.addoption(\r\n        \"--xxxxx_flags\",\r\n        default=None,\r\n        help=\"Extra flags to pass to the launched process.\",\r\n    )\n@jdckmz \r\n\r\nOk after some investigation, you need to make `--xxxxx_flags` into a `pytest.fixture` for it to not register as a path\nThanks for the report @jdckmz! \nFrom what I can tell, if we have got to this point there is no pluginmanager has picked up the command line arg, so is there really anything we can do?\nThe args that I've added aren't part of a plugin but are [part of pytest itself as I understand, documented here](https://docs.pytest.org/en/7.1.x/example/simple.html#pass-different-values-to-a-test-function-depending-on-command-line-options):\r\nIn `conftest.py`:\r\n```python\r\ndef pytest_addoption(parser):\r\n    \"\"\"pytest hook to add command line options.\"\"\"\r\n\r\n    group = parser.getgroup(\"Canvas Test Options\")\r\n    group.addoption(\r\n        \"--xxxxx_flags\",\r\n        default=None,\r\n        help=\"Extra flags to pass to the launched process.\",\r\n    )\n@jdckmz \r\n\r\nOk after some investigation, you need to make `--xxxxx_flags` into a `pytest.fixture` for it to not register as a path",
  "created_at": "2023-05-11T12:31:49Z",
  "version": "7.4",
  "FAIL_TO_PASS": "[\"testing/test_conftest.py::TestConftestValueAccessGlobal::test_value_access_not_existing[global]\", \"testing/test_conftest.py::TestConftestValueAccessGlobal::test_value_access_by_path[global]\", \"testing/test_conftest.py::TestConftestValueAccessGlobal::test_value_access_with_confmod[global]\", \"testing/test_conftest.py::TestConftestValueAccessGlobal::test_value_access_not_existing[inpackage]\", \"testing/test_conftest.py::TestConftestValueAccessGlobal::test_value_access_by_path[inpackage]\", \"testing/test_conftest.py::TestConftestValueAccessGlobal::test_value_access_with_confmod[inpackage]\", \"testing/test_conftest.py::test_conftest_in_nonpkg_with_init\", \"testing/test_collection.py::test_initial_conftests_with_testpaths\", \"testing/test_conftest.py::test_doubledash_considered\", \"testing/test_conftest.py::test_issue151_load_all_conftests\", \"testing/test_conftest.py::test_conftestcutdir\", \"testing/test_conftest.py::test_conftestcutdir_inplace_considered\", \"testing/test_conftest.py::test_setinitial_conftest_subdirs[test]\", \"testing/test_conftest.py::test_setinitial_conftest_subdirs[tests]\", \"testing/test_conftest.py::test_setinitial_conftest_subdirs[whatever]\", \"testing/test_conftest.py::test_setinitial_conftest_subdirs[.dotdir]\"]",
  "PASS_TO_PASS": "[\"testing/test_collection.py::TestCollector::test_collect_versus_item\", \"testing/test_conftest.py::TestConftestValueAccessGlobal::test_basic_init[global]\", \"testing/test_conftest.py::TestConftestValueAccessGlobal::test_immediate_initialiation_and_incremental_are_the_same[global]\", \"testing/test_conftest.py::TestConftestValueAccessGlobal::test_basic_init[inpackage]\", \"testing/test_conftest.py::TestConftestValueAccessGlobal::test_immediate_initialiation_and_incremental_are_the_same[inpackage]\", \"testing/test_collection.py::TestCollector::test_check_equality\", \"testing/test_collection.py::TestCollector::test_getparent_and_accessors\", \"testing/test_collection.py::TestCollector::test_getcustomfile_roundtrip\", \"testing/test_collection.py::TestCollector::test_can_skip_class_with_test_attr\", \"testing/test_collection.py::TestCollectFS::test_ignored_certain_directories\", \"testing/test_collection.py::TestCollectFS::test_ignored_virtualenvs[activate]\", \"testing/test_collection.py::TestCollectFS::test_ignored_virtualenvs[activate.csh]\", \"testing/test_collection.py::TestCollectFS::test_ignored_virtualenvs[activate.fish]\", \"testing/test_collection.py::TestCollectFS::test_ignored_virtualenvs[Activate]\", \"testing/test_collection.py::TestCollectFS::test_ignored_virtualenvs[Activate.bat]\", \"testing/test_collection.py::TestCollectFS::test_ignored_virtualenvs[Activate.ps1]\", \"testing/test_collection.py::TestCollectFS::test_ignored_virtualenvs_norecursedirs_precedence[activate]\", \"testing/test_collection.py::TestCollectFS::test_ignored_virtualenvs_norecursedirs_precedence[activate.csh]\", \"testing/test_collection.py::TestCollectFS::test_ignored_virtualenvs_norecursedirs_precedence[activate.fish]\", \"testing/test_collection.py::TestCollectFS::test_ignored_virtualenvs_norecursedirs_precedence[Activate]\", \"testing/test_collection.py::TestCollectFS::test_ignored_virtualenvs_norecursedirs_precedence[Activate.bat]\", \"testing/test_collection.py::TestCollectFS::test_ignored_virtualenvs_norecursedirs_precedence[Activate.ps1]\", \"testing/test_collection.py::TestCollectFS::test__in_venv[activate]\", \"testing/test_collection.py::TestCollectFS::test__in_venv[activate.csh]\", \"testing/test_collection.py::TestCollectFS::test__in_venv[activate.fish]\", \"testing/test_collection.py::TestCollectFS::test__in_venv[Activate]\", \"testing/test_collection.py::TestCollectFS::test__in_venv[Activate.bat]\", \"testing/test_collection.py::TestCollectFS::test__in_venv[Activate.ps1]\", \"testing/test_collection.py::TestCollectFS::test_custom_norecursedirs\", \"testing/test_collection.py::TestCollectFS::test_testpaths_ini\", \"testing/test_collection.py::TestCollectPluginHookRelay::test_pytest_collect_file\", \"testing/test_collection.py::TestPrunetraceback::test_custom_repr_failure\", \"testing/test_collection.py::TestCustomConftests::test_ignore_collect_path\", \"testing/test_collection.py::TestCustomConftests::test_ignore_collect_not_called_on_argument\", \"testing/test_collection.py::TestCustomConftests::test_collectignore_exclude_on_option\", \"testing/test_collection.py::TestCustomConftests::test_collectignoreglob_exclude_on_option\", \"testing/test_collection.py::TestCustomConftests::test_pytest_fs_collect_hooks_are_seen\", \"testing/test_collection.py::TestCustomConftests::test_pytest_collect_file_from_sister_dir\", \"testing/test_collection.py::TestSession::test_collect_topdir\", \"testing/test_collection.py::TestSession::test_collect_protocol_single_function\", \"testing/test_collection.py::TestSession::test_collect_protocol_method\", \"testing/test_collection.py::TestSession::test_collect_custom_nodes_multi_id\", \"testing/test_collection.py::TestSession::test_collect_subdir_event_ordering\", \"testing/test_collection.py::TestSession::test_collect_two_commandline_args\", \"testing/test_collection.py::TestSession::test_serialization_byid\", \"testing/test_collection.py::TestSession::test_find_byid_without_instance_parents\", \"testing/test_collection.py::Test_getinitialnodes::test_global_file\", \"testing/test_collection.py::Test_getinitialnodes::test_pkgfile\", \"testing/test_collection.py::Test_genitems::test_check_collect_hashes\", \"testing/test_collection.py::Test_genitems::test_example_items1\", \"testing/test_collection.py::Test_genitems::test_classmethod_is_discovered\", \"testing/test_collection.py::Test_genitems::test_class_and_functions_discovery_using_glob\", \"testing/test_collection.py::test_matchnodes_two_collections_same_file\", \"testing/test_collection.py::TestNodeKeywords::test_no_under\", \"testing/test_collection.py::TestNodeKeywords::test_issue345\", \"testing/test_collection.py::TestNodeKeywords::test_keyword_matching_is_case_insensitive_by_default\", \"testing/test_collection.py::TestNodeKeywords::test_duplicates_handled_correctly\", \"testing/test_collection.py::TestNodeKeywords::test_unpacked_marks_added_to_keywords\", \"testing/test_collection.py::test_exit_on_collection_error\", \"testing/test_collection.py::test_exit_on_collection_with_maxfail_smaller_than_n_errors\", \"testing/test_collection.py::test_exit_on_collection_with_maxfail_bigger_than_n_errors\", \"testing/test_collection.py::test_continue_on_collection_errors\", \"testing/test_collection.py::test_continue_on_collection_errors_maxfail\", \"testing/test_collection.py::test_fixture_scope_sibling_conftests\", \"testing/test_collection.py::test_collect_init_tests\", \"testing/test_collection.py::test_collect_invalid_signature_message\", \"testing/test_collection.py::test_collect_handles_raising_on_dunder_class\", \"testing/test_collection.py::test_collect_with_chdir_during_import\", \"testing/test_collection.py::test_large_option_breaks_initial_conftests\", \"testing/test_collection.py::test_collect_symlink_file_arg\", \"testing/test_collection.py::test_collect_symlink_out_of_tree\", \"testing/test_collection.py::test_collectignore_via_conftest\", \"testing/test_collection.py::test_collect_pkg_init_and_file_in_args\", \"testing/test_collection.py::test_collect_pkg_init_only\", \"testing/test_collection.py::test_collect_sub_with_symlinks[True]\", \"testing/test_collection.py::test_collect_sub_with_symlinks[False]\", \"testing/test_collection.py::test_collector_respects_tbstyle\", \"testing/test_collection.py::test_does_not_eagerly_collect_packages\", \"testing/test_collection.py::test_does_not_put_src_on_path\", \"testing/test_collection.py::test_fscollector_from_parent\", \"testing/test_collection.py::test_class_from_parent\", \"testing/test_collection.py::TestImportModeImportlib::test_collect_duplicate_names\", \"testing/test_collection.py::TestImportModeImportlib::test_conftest\", \"testing/test_collection.py::TestImportModeImportlib::test_modules_importable_as_side_effect\", \"testing/test_collection.py::TestImportModeImportlib::test_modules_not_importable_as_side_effect\", \"testing/test_collection.py::TestImportModeImportlib::test_using_python_path\", \"testing/test_collection.py::test_does_not_crash_on_error_from_decorated_function\", \"testing/test_collection.py::test_does_not_crash_on_recursive_symlink\", \"testing/test_conftest.py::test_conftest_global_import\", \"testing/test_conftest.py::test_conftest_confcutdir\", \"testing/test_conftest.py::test_installed_conftest_is_picked_up\", \"testing/test_conftest.py::test_conftest_symlink\", \"testing/test_conftest.py::test_conftest_symlink_files\", \"testing/test_conftest.py::test_conftest_uppercase\", \"testing/test_conftest.py::test_no_conftest\", \"testing/test_conftest.py::test_conftest_existing_junitxml\", \"testing/test_conftest.py::test_conftest_import_order\", \"testing/test_conftest.py::test_fixture_dependency\", \"testing/test_conftest.py::test_conftest_found_with_double_dash\", \"testing/test_conftest.py::TestConftestVisibility::test_parsefactories_relative_node_ids[runner-..-3]\", \"testing/test_conftest.py::TestConftestVisibility::test_parsefactories_relative_node_ids[package-..-3]\", \"testing/test_conftest.py::TestConftestVisibility::test_parsefactories_relative_node_ids[swc-../..-3]\", \"testing/test_conftest.py::TestConftestVisibility::test_parsefactories_relative_node_ids[snc-../..-3]\", \"testing/test_conftest.py::TestConftestVisibility::test_parsefactories_relative_node_ids[runner-../package-3]\", \"testing/test_conftest.py::TestConftestVisibility::test_parsefactories_relative_node_ids[package-.-3]\", \"testing/test_conftest.py::TestConftestVisibility::test_parsefactories_relative_node_ids[swc-..-3]\", \"testing/test_conftest.py::TestConftestVisibility::test_parsefactories_relative_node_ids[snc-..-3]\", \"testing/test_conftest.py::TestConftestVisibility::test_parsefactories_relative_node_ids[runner-../package/swc-1]\", \"testing/test_conftest.py::TestConftestVisibility::test_parsefactories_relative_node_ids[package-./swc-1]\", \"testing/test_conftest.py::TestConftestVisibility::test_parsefactories_relative_node_ids[swc-.-1]\", \"testing/test_conftest.py::TestConftestVisibility::test_parsefactories_relative_node_ids[snc-../swc-1]\", \"testing/test_conftest.py::TestConftestVisibility::test_parsefactories_relative_node_ids[runner-../package/snc-1]\", \"testing/test_conftest.py::TestConftestVisibility::test_parsefactories_relative_node_ids[package-./snc-1]\", \"testing/test_conftest.py::TestConftestVisibility::test_parsefactories_relative_node_ids[swc-../snc-1]\", \"testing/test_conftest.py::TestConftestVisibility::test_parsefactories_relative_node_ids[snc-.-1]\", \"testing/test_conftest.py::test_search_conftest_up_to_inifile[.-2-0]\", \"testing/test_conftest.py::test_search_conftest_up_to_inifile[src-1-1]\", \"testing/test_conftest.py::test_search_conftest_up_to_inifile[None-1-1]\", \"testing/test_conftest.py::test_issue1073_conftest_special_objects\", \"testing/test_conftest.py::test_conftest_exception_handling\", \"testing/test_conftest.py::test_hook_proxy\", \"testing/test_conftest.py::test_required_option_help\", \"testing/test_collection.py::test_collect_pyargs_with_testpaths\"]",
  "environment_setup_commit": "797b924fc44189d0b9c2ad905410f0bd89461ab7",
  "_download_metadata": {
    "downloaded_at": "2025-10-07T21:23:30.923336",
    "dataset_name": "swe-bench",
    "split": "test",
    "downloader_version": "0.1.0"
  }
}