{
  "repo": "pytest-dev/pytest",
  "instance_id": "pytest-dev__pytest-6202",
  "base_commit": "3a668ea6ff24b0c8f00498c3144c63bac561d925",
  "patch": "diff --git a/src/_pytest/python.py b/src/_pytest/python.py\n--- a/src/_pytest/python.py\n+++ b/src/_pytest/python.py\n@@ -285,8 +285,7 @@ def getmodpath(self, stopatmodule=True, includemodule=False):\n                     break\n             parts.append(name)\n         parts.reverse()\n-        s = \".\".join(parts)\n-        return s.replace(\".[\", \"[\")\n+        return \".\".join(parts)\n \n     def reportinfo(self):\n         # XXX caching?\n",
  "test_patch": "diff --git a/testing/test_collection.py b/testing/test_collection.py\n--- a/testing/test_collection.py\n+++ b/testing/test_collection.py\n@@ -685,6 +685,8 @@ def test_2():\n     def test_example_items1(self, testdir):\n         p = testdir.makepyfile(\n             \"\"\"\n+            import pytest\n+\n             def testone():\n                 pass\n \n@@ -693,19 +695,24 @@ def testmethod_one(self):\n                     pass\n \n             class TestY(TestX):\n-                pass\n+                @pytest.mark.parametrize(\"arg0\", [\".[\"])\n+                def testmethod_two(self, arg0):\n+                    pass\n         \"\"\"\n         )\n         items, reprec = testdir.inline_genitems(p)\n-        assert len(items) == 3\n+        assert len(items) == 4\n         assert items[0].name == \"testone\"\n         assert items[1].name == \"testmethod_one\"\n         assert items[2].name == \"testmethod_one\"\n+        assert items[3].name == \"testmethod_two[.[]\"\n \n         # let's also test getmodpath here\n         assert items[0].getmodpath() == \"testone\"\n         assert items[1].getmodpath() == \"TestX.testmethod_one\"\n         assert items[2].getmodpath() == \"TestY.testmethod_one\"\n+        # PR #6202: Fix incorrect result of getmodpath method. (Resolves issue #6189)\n+        assert items[3].getmodpath() == \"TestY.testmethod_two[.[]\"\n \n         s = items[0].getmodpath(stopatmodule=False)\n         assert s.endswith(\"test_example_items1.testone\")\n",
  "problem_statement": "'.['  replaced with '[' in the headline shown of the test report\n```\r\nbug.py F                                                                 [100%]\r\n\r\n=================================== FAILURES ===================================\r\n_________________________________ test_boo[.[] _________________________________\r\n\r\na = '..['\r\n\r\n    @pytest.mark.parametrize(\"a\",[\"..[\"])\r\n    def test_boo(a):\r\n>       assert 0\r\nE       assert 0\r\n\r\nbug.py:6: AssertionError\r\n============================== 1 failed in 0.06s ===============================\r\n```\r\n\r\nThe `\"test_boo[..[]\"` replaced with `\"test_boo[.[]\"` in the headline shown with long report output.\r\n\r\n**The same problem also causing the vscode-python test discovery error.**\r\n\r\n## What causing the problem\r\n\r\nI trace back the source code.\r\n\r\n[https://github.com/pytest-dev/pytest/blob/92d6a0500b9f528a9adcd6bbcda46ebf9b6baf03/src/_pytest/reports.py#L129-L149](https://github.com/pytest-dev/pytest/blob/92d6a0500b9f528a9adcd6bbcda46ebf9b6baf03/src/_pytest/reports.py#L129-L149)\r\n\r\nThe headline comes from line 148.\r\n\r\n[https://github.com/pytest-dev/pytest/blob/92d6a0500b9f528a9adcd6bbcda46ebf9b6baf03/src/_pytest/nodes.py#L432-L441](https://github.com/pytest-dev/pytest/blob/92d6a0500b9f528a9adcd6bbcda46ebf9b6baf03/src/_pytest/nodes.py#L432-L441)\r\n\r\n`location` comes from line 437 `location = self.reportinfo()`\r\n\r\n[https://github.com/pytest-dev/pytest/blob/92d6a0500b9f528a9adcd6bbcda46ebf9b6baf03/src/_pytest/python.py#L294-L308](https://github.com/pytest-dev/pytest/blob/92d6a0500b9f528a9adcd6bbcda46ebf9b6baf03/src/_pytest/python.py#L294-L308)\r\n\r\nThe headline comes from line 306 `modpath = self.getmodpath() `\r\n\r\n[https://github.com/pytest-dev/pytest/blob/92d6a0500b9f528a9adcd6bbcda46ebf9b6baf03/src/_pytest/python.py#L274-L292](https://github.com/pytest-dev/pytest/blob/92d6a0500b9f528a9adcd6bbcda46ebf9b6baf03/src/_pytest/python.py#L274-L292)\r\n\r\nThis line of code `return s.replace(\".[\", \"[\")` causes the problem. We should replace it with `return s`. After changing this, run `tox -e linting,py37`, pass all the tests and resolve this issue. But I can't find this line of code for what purpose.\n",
  "hints_text": "Thanks for the fantastic report @linw1995, this is really helpful :smile: \nI find out the purpose of replacing '.[' with '['. The older version of pytest, support to generate test by using the generator function.\r\n\r\n[https://github.com/pytest-dev/pytest/blob/9eb1d55380ae7c25ffc600b65e348dca85f99221/py/test/testing/test_collect.py#L137-L153](https://github.com/pytest-dev/pytest/blob/9eb1d55380ae7c25ffc600b65e348dca85f99221/py/test/testing/test_collect.py#L137-L153)\r\n\r\n[https://github.com/pytest-dev/pytest/blob/9eb1d55380ae7c25ffc600b65e348dca85f99221/py/test/pycollect.py#L263-L276](https://github.com/pytest-dev/pytest/blob/9eb1d55380ae7c25ffc600b65e348dca85f99221/py/test/pycollect.py#L263-L276)\r\n\r\nthe name of the generated test case function is `'[0]'`. And its parent is `'test_gen'`. The line of code `return s.replace('.[', '[')` avoids its `modpath` becoming `test_gen.[0]`. Since the yield tests were removed in pytest 4.0, this line of code can be replaced with `return s` safely.\r\n\r\n\n@linw1995 \r\nGreat find and investigation.\r\nDo you want to create a PR for it?",
  "created_at": "2019-11-16T07:45:21Z",
  "version": "5.2",
  "FAIL_TO_PASS": "[\"testing/test_collection.py::Test_genitems::test_example_items1\"]",
  "PASS_TO_PASS": "[\"testing/test_collection.py::TestCollector::test_collect_versus_item\", \"testing/test_collection.py::TestCollector::test_check_equality\", \"testing/test_collection.py::TestCollector::test_getparent\", \"testing/test_collection.py::TestCollector::test_getcustomfile_roundtrip\", \"testing/test_collection.py::TestCollector::test_can_skip_class_with_test_attr\", \"testing/test_collection.py::TestCollectFS::test_ignored_certain_directories\", \"testing/test_collection.py::TestCollectFS::test_ignored_virtualenvs[activate]\", \"testing/test_collection.py::TestCollectFS::test_ignored_virtualenvs[activate.csh]\", \"testing/test_collection.py::TestCollectFS::test_ignored_virtualenvs[activate.fish]\", \"testing/test_collection.py::TestCollectFS::test_ignored_virtualenvs[Activate]\", \"testing/test_collection.py::TestCollectFS::test_ignored_virtualenvs[Activate.bat]\", \"testing/test_collection.py::TestCollectFS::test_ignored_virtualenvs[Activate.ps1]\", \"testing/test_collection.py::TestCollectFS::test_ignored_virtualenvs_norecursedirs_precedence[activate]\", \"testing/test_collection.py::TestCollectFS::test_ignored_virtualenvs_norecursedirs_precedence[activate.csh]\", \"testing/test_collection.py::TestCollectFS::test_ignored_virtualenvs_norecursedirs_precedence[activate.fish]\", \"testing/test_collection.py::TestCollectFS::test_ignored_virtualenvs_norecursedirs_precedence[Activate]\", \"testing/test_collection.py::TestCollectFS::test_ignored_virtualenvs_norecursedirs_precedence[Activate.bat]\", \"testing/test_collection.py::TestCollectFS::test_ignored_virtualenvs_norecursedirs_precedence[Activate.ps1]\", \"testing/test_collection.py::TestCollectFS::test__in_venv[activate]\", \"testing/test_collection.py::TestCollectFS::test__in_venv[activate.csh]\", \"testing/test_collection.py::TestCollectFS::test__in_venv[activate.fish]\", \"testing/test_collection.py::TestCollectFS::test__in_venv[Activate]\", \"testing/test_collection.py::TestCollectFS::test__in_venv[Activate.bat]\", \"testing/test_collection.py::TestCollectFS::test__in_venv[Activate.ps1]\", \"testing/test_collection.py::TestCollectFS::test_custom_norecursedirs\", \"testing/test_collection.py::TestCollectFS::test_testpaths_ini\", \"testing/test_collection.py::TestCollectPluginHookRelay::test_pytest_collect_file\", \"testing/test_collection.py::TestCollectPluginHookRelay::test_pytest_collect_directory\", \"testing/test_collection.py::TestPrunetraceback::test_custom_repr_failure\", \"testing/test_collection.py::TestCustomConftests::test_ignore_collect_path\", \"testing/test_collection.py::TestCustomConftests::test_ignore_collect_not_called_on_argument\", \"testing/test_collection.py::TestCustomConftests::test_collectignore_exclude_on_option\", \"testing/test_collection.py::TestCustomConftests::test_collectignoreglob_exclude_on_option\", \"testing/test_collection.py::TestCustomConftests::test_pytest_fs_collect_hooks_are_seen\", \"testing/test_collection.py::TestCustomConftests::test_pytest_collect_file_from_sister_dir\", \"testing/test_collection.py::TestSession::test_parsearg\", \"testing/test_collection.py::TestSession::test_collect_topdir\", \"testing/test_collection.py::TestSession::test_collect_protocol_single_function\", \"testing/test_collection.py::TestSession::test_collect_protocol_method\", \"testing/test_collection.py::TestSession::test_collect_custom_nodes_multi_id\", \"testing/test_collection.py::TestSession::test_collect_subdir_event_ordering\", \"testing/test_collection.py::TestSession::test_collect_two_commandline_args\", \"testing/test_collection.py::TestSession::test_serialization_byid\", \"testing/test_collection.py::TestSession::test_find_byid_without_instance_parents\", \"testing/test_collection.py::Test_getinitialnodes::test_global_file\", \"testing/test_collection.py::Test_getinitialnodes::test_pkgfile\", \"testing/test_collection.py::Test_genitems::test_check_collect_hashes\", \"testing/test_collection.py::Test_genitems::test_class_and_functions_discovery_using_glob\", \"testing/test_collection.py::test_matchnodes_two_collections_same_file\", \"testing/test_collection.py::TestNodekeywords::test_no_under\", \"testing/test_collection.py::TestNodekeywords::test_issue345\", \"testing/test_collection.py::test_exit_on_collection_error\", \"testing/test_collection.py::test_exit_on_collection_with_maxfail_smaller_than_n_errors\", \"testing/test_collection.py::test_exit_on_collection_with_maxfail_bigger_than_n_errors\", \"testing/test_collection.py::test_continue_on_collection_errors\", \"testing/test_collection.py::test_continue_on_collection_errors_maxfail\", \"testing/test_collection.py::test_fixture_scope_sibling_conftests\", \"testing/test_collection.py::test_collect_init_tests\", \"testing/test_collection.py::test_collect_invalid_signature_message\", \"testing/test_collection.py::test_collect_handles_raising_on_dunder_class\", \"testing/test_collection.py::test_collect_with_chdir_during_import\", \"testing/test_collection.py::test_collect_pyargs_with_testpaths\", \"testing/test_collection.py::test_collect_symlink_file_arg\", \"testing/test_collection.py::test_collect_symlink_out_of_tree\", \"testing/test_collection.py::test_collectignore_via_conftest\", \"testing/test_collection.py::test_collect_pkg_init_and_file_in_args\", \"testing/test_collection.py::test_collect_pkg_init_only\", \"testing/test_collection.py::test_collect_sub_with_symlinks[True]\", \"testing/test_collection.py::test_collect_sub_with_symlinks[False]\", \"testing/test_collection.py::test_collector_respects_tbstyle\", \"testing/test_collection.py::test_does_not_eagerly_collect_packages\", \"testing/test_collection.py::test_does_not_put_src_on_path\"]",
  "environment_setup_commit": "f36ea240fe3579f945bf5d6cc41b5e45a572249d",
  "_download_metadata": {
    "downloaded_at": "2025-10-07T21:23:30.931523",
    "dataset_name": "swe-bench",
    "split": "test",
    "downloader_version": "0.1.0"
  }
}