{
  "repo": "sphinx-doc/sphinx",
  "instance_id": "sphinx-doc__sphinx-7859",
  "base_commit": "da395b413245e8001f576e547614dc6baa7d5575",
  "patch": "diff --git a/sphinx/ext/autodoc/typehints.py b/sphinx/ext/autodoc/typehints.py\n--- a/sphinx/ext/autodoc/typehints.py\n+++ b/sphinx/ext/autodoc/typehints.py\n@@ -46,11 +46,16 @@ def merge_typehints(app: Sphinx, domain: str, objtype: str, contentnode: Element\n     if objtype == 'class' and app.config.autoclass_content not in ('init', 'both'):\n         return\n \n-    signature = cast(addnodes.desc_signature, contentnode.parent[0])\n-    if signature['module']:\n-        fullname = '.'.join([signature['module'], signature['fullname']])\n-    else:\n-        fullname = signature['fullname']\n+    try:\n+        signature = cast(addnodes.desc_signature, contentnode.parent[0])\n+        if signature['module']:\n+            fullname = '.'.join([signature['module'], signature['fullname']])\n+        else:\n+            fullname = signature['fullname']\n+    except KeyError:\n+        # signature node does not have valid context info for the target object\n+        return\n+\n     annotations = app.env.temp_data.get('annotations', {})\n     if annotations.get(fullname, {}):\n         field_lists = [n for n in contentnode if isinstance(n, nodes.field_list)]\n",
  "test_patch": "diff --git a/tests/test_ext_autodoc_configs.py b/tests/test_ext_autodoc_configs.py\n--- a/tests/test_ext_autodoc_configs.py\n+++ b/tests/test_ext_autodoc_configs.py\n@@ -13,6 +13,8 @@\n \n import pytest\n \n+from sphinx.testing import restructuredtext\n+\n from test_ext_autodoc import do_autodoc\n \n IS_PYPY = platform.python_implementation() == 'PyPy'\n@@ -633,6 +635,12 @@ def test_autodoc_typehints_description(app):\n             in context)\n \n \n+@pytest.mark.sphinx('text', testroot='ext-autodoc',\n+                    confoverrides={'autodoc_typehints': \"description\"})\n+def test_autodoc_typehints_description_for_invalid_node(app):\n+    text = \".. py:function:: hello; world\"\n+    restructuredtext.parse(app, text)  # raises no error\n+\n \n @pytest.mark.sphinx('html', testroot='ext-autodoc')\n def test_autodoc_default_options(app):\n",
  "problem_statement": "autodoc_typehints = 'descriptions' throws KeyError: 'module'\n**Describe the bug**\r\nautodoc_typehints = 'description' does not work, results in `KeyError: 'module'`\r\n\r\n**To Reproduce**\r\n```bash\r\ngit clone https://github.com/gymreklab/TRTools .\r\ngit checkout 157a332b49f2be0b12c2d5ae38312d83a175a851\r\ncd doc\r\n# add the line\r\n# autodoc_typehints = 'description'\r\n# to conf.py\r\nmake clean && make html\r\n```\r\n\r\n**Environment info**\r\n- OS: Linux\r\n- Python version: 3.5.6\r\n- Sphinx version: 3.0.4\r\n- Sphinx extensions:  sphinx.ext.autodoc, sphinx.ext.napoleon\r\n\r\n**Additional context**\r\nFull error message:\r\n```plaintext\r\nException occurred:\r\n  File \"/storage/conda/envs/trtools_dev/lib/python3.5/site-packages/docutils/nodes.py\", line 567, in __getitem__\r\n    return self.attributes[key]\r\nKeyError: 'module'\r\nThe full traceback has been saved in /tmp/sphinx-err-1kq4sywr.log, if you want to report the issue to the developers.\r\nPlease also report this if it was a user error, so that a better error message can be provided next time.\r\nA bug report can be filed in the tracker at <https://github.com/sphinx-doc/sphinx/issues>. Thanks!\r\nmake: *** [html] Error 2\r\n```\r\n\r\nLog file\r\n```\r\n# Sphinx version: 3.0.4\r\n# Python version: 3.5.6 (CPython)\r\n# Docutils version: 0.14\r\n# Jinja2 version: 2.11.2\r\n# Last messages:\r\n#   reading sources... [ 54%] source/qcSTR\r\n#\r\n#   reading sources... [ 58%] source/statSTR\r\n#\r\n#   reading sources... [ 62%] trtools.compareSTR\r\n#\r\n#   reading sources... [ 66%] trtools.dumpSTR\r\n#\r\n#   reading sources... [ 70%] trtools.dumpSTR.filters\r\n#\r\n# Loaded extensions:\r\n#   sphinx.ext.autodoc.type_comment (3.0.4) from /storage/conda/envs/trtools_dev/lib/python3.5/site-packages/sphinx/ext/autodoc/type_comment.py\r\n#   sphinxcontrib.qthelp (1.0.3) from /storage/conda/envs/trtools_dev/lib/python3.5/site-packages/sphinxcontrib/qthelp/__init__.py\r\n#   sphinx.ext.napoleon (3.0.4) from /storage/conda/envs/trtools_dev/lib/python3.5/site-packages/sphinx/ext/napoleon/__init__.py\r\n#   sphinxcontrib.serializinghtml (1.1.4) from /storage/conda/envs/trtools_dev/lib/python3.5/site-packages/sphinxcontrib/serializinghtml/__init__.py\r\n#   sphinxcontrib.devhelp (1.0.2) from /storage/conda/envs/trtools_dev/lib/python3.5/site-packages/sphinxcontrib/devhelp/__init__.py\r\n#   sphinx.ext.autodoc (3.0.4) from /storage/conda/envs/trtools_dev/lib/python3.5/site-packages/sphinx/ext/autodoc/__init__.py\r\n#   sphinx.ext.mathjax (3.0.4) from /storage/conda/envs/trtools_dev/lib/python3.5/site-packages/sphinx/ext/mathjax.py\r\n#   sphinxcontrib.applehelp (1.0.2) from /storage/conda/envs/trtools_dev/lib/python3.5/site-packages/sphinxcontrib/applehelp/__init__.py\r\n#   sphinxcontrib.htmlhelp (1.0.3) from /storage/conda/envs/trtools_dev/lib/python3.5/site-packages/sphinxcontrib/htmlhelp/__init__.py\r\n#   alabaster (0.7.12) from /storage/conda/envs/trtools_dev/lib/python3.5/site-packages/alabaster/__init__.py\r\nTraceback (most recent call last):\r\n  File \"/storage/conda/envs/trtools_dev/lib/python3.5/site-packages/sphinx/cmd/build.py\", line 280, in build_main\r\n    app.build(args.force_all, filenames)\r\n  File \"/storage/conda/envs/trtools_dev/lib/python3.5/site-packages/sphinx/application.py\", line 348, in build\r\n    self.builder.build_update()\r\n  File \"/storage/conda/envs/trtools_dev/lib/python3.5/site-packages/sphinx/builders/__init__.py\", line 299, in build_update\r\n    len(to_build))\r\n  File \"/storage/conda/envs/trtools_dev/lib/python3.5/site-packages/sphinx/builders/__init__.py\", line 311, in build\r\n    updated_docnames = set(self.read())\r\n  File \"/storage/conda/envs/trtools_dev/lib/python3.5/site-packages/sphinx/builders/__init__.py\", line 418, in read\r\n    self._read_serial(docnames)\r\n  File \"/storage/conda/envs/trtools_dev/lib/python3.5/site-packages/sphinx/builders/__init__.py\", line 439, in _read_serial\r\n    self.read_doc(docname)\r\n  File \"/storage/conda/envs/trtools_dev/lib/python3.5/site-packages/sphinx/builders/__init__.py\", line 479, in read_doc\r\n    doctree = read_doc(self.app, self.env, self.env.doc2path(docname))\r\n  File \"/storage/conda/envs/trtools_dev/lib/python3.5/site-packages/sphinx/io.py\", line 221, in read_doc\r\n    pub.publish()\r\n  File \"/storage/conda/envs/trtools_dev/lib/python3.5/site-packages/docutils/core.py\", line 217, in publish\r\n    self.settings)\r\n  File \"/storage/conda/envs/trtools_dev/lib/python3.5/site-packages/sphinx/io.py\", line 126, in read\r\n    self.parse()\r\n  File \"/storage/conda/envs/trtools_dev/lib/python3.5/site-packages/docutils/readers/__init__.py\", line 78, in parse\r\n    self.parser.parse(self.input, document)\r\n  File \"/storage/conda/envs/trtools_dev/lib/python3.5/site-packages/sphinx/parsers.py\", line 102, in parse\r\n    self.statemachine.run(inputlines, document, inliner=self.inliner)\r\n  File \"/storage/conda/envs/trtools_dev/lib/python3.5/site-packages/docutils/parsers/rst/states.py\", line 171, in run\r\n    input_source=document['source'])\r\n  File \"/storage/conda/envs/trtools_dev/lib/python3.5/site-packages/docutils/statemachine.py\", line 239, in run\r\n    context, state, transitions)\r\n  File \"/storage/conda/envs/trtools_dev/lib/python3.5/site-packages/docutils/statemachine.py\", line 460, in check_line\r\n    return method(match, context, next_state)\r\n  File \"/storage/conda/envs/trtools_dev/lib/python3.5/site-packages/docutils/parsers/rst/states.py\", line 2753, in underline\r\n    self.section(title, source, style, lineno - 1, messages)\r\n  File \"/storage/conda/envs/trtools_dev/lib/python3.5/site-packages/docutils/parsers/rst/states.py\", line 327, in section\r\n    self.new_subsection(title, lineno, messages)\r\n  File \"/storage/conda/envs/trtools_dev/lib/python3.5/site-packages/docutils/parsers/rst/states.py\", line 395, in new_subsection\r\n    node=section_node, match_titles=True)\r\n  File \"/storage/conda/envs/trtools_dev/lib/python3.5/site-packages/docutils/parsers/rst/states.py\", line 282, in nested_parse\r\n    node=node, match_titles=match_titles)\r\n  File \"/storage/conda/envs/trtools_dev/lib/python3.5/site-packages/docutils/parsers/rst/states.py\", line 196, in run\r\n    results = StateMachineWS.run(self, input_lines, input_offset)\r\n  File \"/storage/conda/envs/trtools_dev/lib/python3.5/site-packages/docutils/statemachine.py\", line 239, in run\r\n    context, state, transitions)\r\n  File \"/storage/conda/envs/trtools_dev/lib/python3.5/site-packages/docutils/statemachine.py\", line 460, in check_line\r\n    return method(match, context, next_state)\r\n  File \"/storage/conda/envs/trtools_dev/lib/python3.5/site-packages/docutils/parsers/rst/states.py\", line 2326, in explicit_markup\r\n    nodelist, blank_finish = self.explicit_construct(match)\r\n  File \"/storage/conda/envs/trtools_dev/lib/python3.5/site-packages/docutils/parsers/rst/states.py\", line 2338, in explicit_construct\r\n    return method(self, expmatch)\r\n  File \"/storage/conda/envs/trtools_dev/lib/python3.5/site-packages/docutils/parsers/rst/states.py\", line 2081, in directive\r\n    directive_class, match, type_name, option_presets)\r\n  File \"/storage/conda/envs/trtools_dev/lib/python3.5/site-packages/docutils/parsers/rst/states.py\", line 2130, in run_directive\r\n    result = directive_instance.run()\r\n  File \"/storage/conda/envs/trtools_dev/lib/python3.5/site-packages/sphinx/ext/autodoc/directive.py\", line 157, in run\r\n    result = parse_generated_content(self.state, params.result, documenter)\r\n  File \"/storage/conda/envs/trtools_dev/lib/python3.5/site-packages/sphinx/ext/autodoc/directive.py\", line 100, in parse_generated_content\r\n    nested_parse_with_titles(state, content, node)\r\n  File \"/storage/conda/envs/trtools_dev/lib/python3.5/site-packages/sphinx/util/nodes.py\", line 339, in nested_parse_with_titles\r\n    return state.nested_parse(content, 0, node, match_titles=1)\r\n  File \"/storage/conda/envs/trtools_dev/lib/python3.5/site-packages/docutils/parsers/rst/states.py\", line 282, in nested_parse\r\n    node=node, match_titles=match_titles)\r\n  File \"/storage/conda/envs/trtools_dev/lib/python3.5/site-packages/docutils/parsers/rst/states.py\", line 196, in run\r\n    results = StateMachineWS.run(self, input_lines, input_offset)\r\n  File \"/storage/conda/envs/trtools_dev/lib/python3.5/site-packages/docutils/statemachine.py\", line 239, in run\r\n    context, state, transitions)\r\n  File \"/storage/conda/envs/trtools_dev/lib/python3.5/site-packages/docutils/statemachine.py\", line 460, in check_line\r\n    return method(match, context, next_state)\r\n  File \"/storage/conda/envs/trtools_dev/lib/python3.5/site-packages/docutils/parsers/rst/states.py\", line 2328, in explicit_markup\r\n    self.explicit_list(blank_finish)\r\n  File \"/storage/conda/envs/trtools_dev/lib/python3.5/site-packages/docutils/parsers/rst/states.py\", line 2358, in explicit_list\r\n    match_titles=self.state_machine.match_titles)\r\n  File \"/storage/conda/envs/trtools_dev/lib/python3.5/site-packages/docutils/parsers/rst/states.py\", line 319, in nested_list_parse\r\n    node=node, match_titles=match_titles)\r\n  File \"/storage/conda/envs/trtools_dev/lib/python3.5/site-packages/docutils/parsers/rst/states.py\", line 196, in run\r\n    results = StateMachineWS.run(self, input_lines, input_offset)\r\n  File \"/storage/conda/envs/trtools_dev/lib/python3.5/site-packages/docutils/statemachine.py\", line 239, in run\r\n    context, state, transitions)\r\n  File \"/storage/conda/envs/trtools_dev/lib/python3.5/site-packages/docutils/statemachine.py\", line 460, in check_line\r\n    return method(match, context, next_state)\r\n  File \"/storage/conda/envs/trtools_dev/lib/python3.5/site-packages/docutils/parsers/rst/states.py\", line 2631, in explicit_markup\r\n    nodelist, blank_finish = self.explicit_construct(match)\r\n  File \"/storage/conda/envs/trtools_dev/lib/python3.5/site-packages/docutils/parsers/rst/states.py\", line 2338, in explicit_construct\r\n    return method(self, expmatch)\r\n  File \"/storage/conda/envs/trtools_dev/lib/python3.5/site-packages/docutils/parsers/rst/states.py\", line 2081, in directive\r\n    directive_class, match, type_name, option_presets)\r\n  File \"/storage/conda/envs/trtools_dev/lib/python3.5/site-packages/docutils/parsers/rst/states.py\", line 2130, in run_directive\r\n    result = directive_instance.run()\r\n  File \"/storage/conda/envs/trtools_dev/lib/python3.5/site-packages/sphinx/domains/__init__.py\", line 285, in run\r\n    return super().run()\r\n  File \"/storage/conda/envs/trtools_dev/lib/python3.5/site-packages/sphinx/directives/__init__.py\", line 209, in run\r\n    self.state.nested_parse(self.content, self.content_offset, contentnode)\r\n  File \"/storage/conda/envs/trtools_dev/lib/python3.5/site-packages/docutils/parsers/rst/states.py\", line 282, in nested_parse\r\n    node=node, match_titles=match_titles)\r\n  File \"/storage/conda/envs/trtools_dev/lib/python3.5/site-packages/docutils/parsers/rst/states.py\", line 196, in run\r\n    results = StateMachineWS.run(self, input_lines, input_offset)\r\n  File \"/storage/conda/envs/trtools_dev/lib/python3.5/site-packages/docutils/statemachine.py\", line 239, in run\r\n    context, state, transitions)\r\n  File \"/storage/conda/envs/trtools_dev/lib/python3.5/site-packages/docutils/statemachine.py\", line 460, in check_line\r\n    return method(match, context, next_state)\r\n  File \"/storage/conda/envs/trtools_dev/lib/python3.5/site-packages/docutils/parsers/rst/states.py\", line 2326, in explicit_markup\r\n    nodelist, blank_finish = self.explicit_construct(match)\r\n  File \"/storage/conda/envs/trtools_dev/lib/python3.5/site-packages/docutils/parsers/rst/states.py\", line 2338, in explicit_construct\r\n    return method(self, expmatch)\r\n  File \"/storage/conda/envs/trtools_dev/lib/python3.5/site-packages/docutils/parsers/rst/states.py\", line 2081, in directive\r\n    directive_class, match, type_name, option_presets)\r\n  File \"/storage/conda/envs/trtools_dev/lib/python3.5/site-packages/docutils/parsers/rst/states.py\", line 2130, in run_directive\r\n    result = directive_instance.run()\r\n  File \"/storage/conda/envs/trtools_dev/lib/python3.5/site-packages/sphinx/domains/__init__.py\", line 285, in run\r\n    return super().run()\r\n  File \"/storage/conda/envs/trtools_dev/lib/python3.5/site-packages/sphinx/directives/__init__.py\", line 212, in run\r\n    self.domain, self.objtype, contentnode)\r\n  File \"/storage/conda/envs/trtools_dev/lib/python3.5/site-packages/sphinx/application.py\", line 445, in emit\r\n    return self.events.emit(event, *args)\r\n  File \"/storage/conda/envs/trtools_dev/lib/python3.5/site-packages/sphinx/events.py\", line 107, in emit\r\n    results.append(listener.handler(self.app, *args))\r\n  File \"/storage/conda/envs/trtools_dev/lib/python3.5/site-packages/sphinx/ext/autodoc/typehints.py\", line 50, in merge_typehints\r\n    if signature['module']:\r\n  File \"/storage/conda/envs/trtools_dev/lib/python3.5/site-packages/docutils/nodes.py\", line 567, in __getitem__\r\n    return self.attributes[key]\r\nKeyError: 'module'\r\n```\n",
  "hints_text": "I happened to fix my problem - seems that this occurs when there are both `attribute` and `py:attribute` in the same class with the same name (that occurs because of an unrelated issue with napoleon). I can understand that's not a use case that needs to be supported, but the error thrown should help describe what's going wrong.\nNote: reproduced with this dockerfile:\r\n```\r\nFROM python:3.7-slim\r\n\r\nRUN apt update; apt install -y git make build-essential vim\r\nRUN git clone https://github.com/gymreklab/TRTools\r\nWORKDIR /TRTools\r\nRUN git checkout 157a332b49f2be0b12c2d5ae38312d83a175a851\r\nRUN apt install -y libz-dev\r\nRUN pip install -e .\r\nRUN pip install -r requirements.txt\r\nWORKDIR /TRTools/doc\r\nRUN pip install Sphinx==3.0.4\r\nRUN echo \"autodoc_typehints = 'description'\" >> conf.py\r\nRUN make html\r\n```\nIt seems typo in here. The error is resolved when I replaced `;` to `:`.\r\nhttps://github.com/gymreklab/TRTools/blob/157a332b49f2be0b12c2d5ae38312d83a175a851/trtools/dumpSTR/filters.py#L596-L599",
  "created_at": "2020-06-21T08:53:31Z",
  "version": "3.1",
  "FAIL_TO_PASS": "[\"tests/test_ext_autodoc_configs.py::test_autodoc_typehints_description_for_invalid_node\"]",
  "PASS_TO_PASS": "[\"tests/test_ext_autodoc_configs.py::test_autoclass_content_class\", \"tests/test_ext_autodoc_configs.py::test_autoclass_content_init\", \"tests/test_ext_autodoc_configs.py::test_autoclass_content_both\", \"tests/test_ext_autodoc_configs.py::test_autodoc_inherit_docstrings\", \"tests/test_ext_autodoc_configs.py::test_autodoc_docstring_signature\", \"tests/test_ext_autodoc_configs.py::test_autoclass_content_and_docstring_signature_class\", \"tests/test_ext_autodoc_configs.py::test_autoclass_content_and_docstring_signature_init\", \"tests/test_ext_autodoc_configs.py::test_autoclass_content_and_docstring_signature_both\", \"tests/test_ext_autodoc_configs.py::test_mocked_module_imports\", \"tests/test_ext_autodoc_configs.py::test_autodoc_typehints_signature\", \"tests/test_ext_autodoc_configs.py::test_autodoc_typehints_none\", \"tests/test_ext_autodoc_configs.py::test_autodoc_typehints_description\", \"tests/test_ext_autodoc_configs.py::test_autodoc_default_options\", \"tests/test_ext_autodoc_configs.py::test_autodoc_default_options_with_values\"]",
  "environment_setup_commit": "5afc77ee27fc01c57165ab260d3a76751f9ddb35",
  "_download_metadata": {
    "downloaded_at": "2025-10-07T21:23:31.047350",
    "dataset_name": "swe-bench",
    "split": "test",
    "downloader_version": "0.1.0"
  }
}