{
  "repo": "sympy/sympy",
  "instance_id": "sympy__sympy-15523",
  "base_commit": "61e5c20c02328815270ddda385f0108a2b40d24d",
  "patch": "diff --git a/sympy/parsing/sympy_parser.py b/sympy/parsing/sympy_parser.py\n--- a/sympy/parsing/sympy_parser.py\n+++ b/sympy/parsing/sympy_parser.py\n@@ -3,7 +3,7 @@\n from __future__ import print_function, division\n \n from tokenize import (generate_tokens, untokenize, TokenError,\n-    NUMBER, STRING, NAME, OP, ENDMARKER, ERRORTOKEN)\n+    NUMBER, STRING, NAME, OP, ENDMARKER, ERRORTOKEN, NEWLINE)\n \n from keyword import iskeyword\n \n@@ -262,9 +262,7 @@ def _implicit_application(tokens, local_dict, global_dict):\n                           # work with function exponentiation\n     for tok, nextTok in zip(tokens, tokens[1:]):\n         result.append(tok)\n-        if (tok[0] == NAME and\n-              nextTok[0] != OP and\n-              nextTok[0] != ENDMARKER):\n+        if (tok[0] == NAME and nextTok[0] not in [OP, ENDMARKER, NEWLINE]):\n             if _token_callable(tok, local_dict, global_dict, nextTok):\n                 result.append((OP, '('))\n                 appendParen += 1\n@@ -570,8 +568,11 @@ def lambda_notation(tokens, local_dict, global_dict):\n     flag = False\n     toknum, tokval = tokens[0]\n     tokLen = len(tokens)\n+\n     if toknum == NAME and tokval == 'lambda':\n-        if tokLen == 2:\n+        if tokLen == 2 or tokLen == 3 and tokens[1][0] == NEWLINE:\n+            # In Python 3.6.7+, inputs without a newline get NEWLINE added to\n+            # the tokens\n             result.extend(tokens)\n         elif tokLen > 2:\n             result.extend([\n",
  "test_patch": "diff --git a/sympy/parsing/tests/test_implicit_multiplication_application.py b/sympy/parsing/tests/test_implicit_multiplication_application.py\n--- a/sympy/parsing/tests/test_implicit_multiplication_application.py\n+++ b/sympy/parsing/tests/test_implicit_multiplication_application.py\n@@ -61,7 +61,7 @@ def test_implicit_application():\n     for case in cases:\n         implicit = parse_expr(case, transformations=transformations2)\n         normal = parse_expr(cases[case], transformations=transformations)\n-        assert(implicit == normal)\n+        assert(implicit == normal), (implicit, normal)\n \n     multiplication = ['x y', 'x sin x', '2x']\n     for case in multiplication:\n",
  "problem_statement": "Python 3.7 test failures\nRunning tests from master under Python 3.7.1 (which isn't tested on Travis) I see some failures. The fastest ones to see are from `test_implicit_multiplication_application.py` but there is another in `test_sympify.py`. I'm not sure what has changed in 3.7 to cause this.\r\n\r\n```console\r\n$ ./bin/test sympy/parsing/tests/test_implicit_multiplication_application.py \r\n==================================================================== test process starts =====================================================================\r\nexecutable:         /Users/enojb/current/sympy/upstream.sympy.git/venv371/bin/python  (3.7.1-final-0) [CPython]\r\narchitecture:       64-bit\r\ncache:              yes\r\nground types:       python \r\nnumpy:              None\r\nrandom seed:        88174423\r\nhash randomization: on (PYTHONHASHSEED=224844549)\r\n\r\nsympy/parsing/tests/test_implicit_multiplication_application.py[5] .E..E                                                                                [FAIL]\r\n\r\n______________________________________________________________________________________________________________________________________________________________\r\n_________________________________ sympy/parsing/tests/test_implicit_multiplication_application.py:test_implicit_application __________________________________\r\nTraceback (most recent call last):\r\n  File \"/Users/enojb/current/sympy/upstream.sympy.git/sympy/core/cache.py\", line 94, in wrapper\r\n    retval = cfunc(*args, **kwargs)\r\n  File \"/Users/enojb/current/sympy/upstream.sympy.git/sympy/core/function.py\", line 446, in __new__\r\n    'given': n})\r\nTypeError: factorial takes exactly 1 argument (0 given)\r\n\r\nDuring handling of the above exception, another exception occurred:\r\n\r\nTraceback (most recent call last):\r\n  File \"/Users/enojb/current/sympy/upstream.sympy.git/sympy/parsing/tests/test_implicit_multiplication_application.py\", line 62, in test_implicit_application\r\n    implicit = parse_expr(case, transformations=transformations2)\r\n  File \"/Users/enojb/current/sympy/upstream.sympy.git/sympy/parsing/sympy_parser.py\", line 965, in parse_expr\r\n    return eval_expr(code, local_dict, global_dict)\r\n  File \"/Users/enojb/current/sympy/upstream.sympy.git/sympy/parsing/sympy_parser.py\", line 878, in eval_expr\r\n    code, global_dict, local_dict)  # take local objects in preference\r\n  File \"<string>\", line 1, in <module>\r\n  File \"/Users/enojb/current/sympy/upstream.sympy.git/sympy/core/cache.py\", line 96, in wrapper\r\n    retval = func(*args, **kwargs)\r\n  File \"/Users/enojb/current/sympy/upstream.sympy.git/sympy/core/function.py\", line 446, in __new__\r\n    'given': n})\r\nTypeError: factorial takes exactly 1 argument (0 given)\r\n______________________________________________________________________________________________________________________________________________________________\r\n__________________________________ sympy/parsing/tests/test_implicit_multiplication_application.py:test_all_implicit_steps ___________________________________\r\nTraceback (most recent call last):\r\n  File \"/Users/enojb/current/sympy/upstream.sympy.git/sympy/core/cache.py\", line 94, in wrapper\r\n    retval = cfunc(*args, **kwargs)\r\n  File \"/Users/enojb/current/sympy/upstream.sympy.git/sympy/core/function.py\", line 446, in __new__\r\n    'given': n})\r\nTypeError: factorial takes exactly 1 argument (0 given)\r\n\r\nDuring handling of the above exception, another exception occurred:\r\n\r\nTraceback (most recent call last):\r\n  File \"/Users/enojb/current/sympy/upstream.sympy.git/sympy/parsing/tests/test_implicit_multiplication_application.py\", line 183, in test_all_implicit_steps\r\n    implicit = parse_expr(case, transformations=transformations2)\r\n  File \"/Users/enojb/current/sympy/upstream.sympy.git/sympy/parsing/sympy_parser.py\", line 965, in parse_expr\r\n    return eval_expr(code, local_dict, global_dict)\r\n  File \"/Users/enojb/current/sympy/upstream.sympy.git/sympy/parsing/sympy_parser.py\", line 878, in eval_expr\r\n    code, global_dict, local_dict)  # take local objects in preference\r\n  File \"<string>\", line 1, in <module>\r\n  File \"/Users/enojb/current/sympy/upstream.sympy.git/sympy/core/cache.py\", line 96, in wrapper\r\n    retval = func(*args, **kwargs)\r\n  File \"/Users/enojb/current/sympy/upstream.sympy.git/sympy/core/function.py\", line 446, in __new__\r\n    'given': n})\r\nTypeError: factorial takes exactly 1 argument (0 given)\r\n\r\n================================================== tests finished: 3 passed, 2 exceptions, in 0.26 seconds ===================================================\r\nDO *NOT* COMMIT!\r\n```\r\n\r\nThe error from `test_sympify.py` is\r\n```console\r\n========================================================================== FAILURES ==========================================================================\r\n___________________________________________________________________ test_sympify_keywords ____________________________________________________________________\r\n\r\n    def test_sympify_keywords():\r\n        raises(SympifyError, lambda: sympify('if'))\r\n        raises(SympifyError, lambda: sympify('for'))\r\n        raises(SympifyError, lambda: sympify('while'))\r\n>       raises(SympifyError, lambda: sympify('lambda'))\r\n\r\nsympy/core/tests/test_sympify.py:148: \r\n_ _ _ _ _ _ _ _ _ _ _ _ _ _ _ _ _ _ _ _ _ _ _ _ _ _ _ _ _ _ _ _ _ _ _ _ _ _ _ _ _ _ _ _ _ _ _ _ _ _ _ _ _ _ _ _ _ _ _ _ _ _ _ _ _ _ _ _ _ _ _ _ _ _ _ _ _ _ _ \r\nsympy/core/tests/test_sympify.py:148: in <lambda>\r\n    raises(SympifyError, lambda: sympify('lambda'))\r\nsympy/core/sympify.py:372: in sympify\r\n    expr = parse_expr(a, local_dict=locals, transformations=transformations, evaluate=evaluate)\r\nsympy/parsing/sympy_parser.py:965: in parse_expr\r\n    return eval_expr(code, local_dict, global_dict)\r\nsympy/parsing/sympy_parser.py:878: in eval_expr\r\n    code, global_dict, local_dict)  # take local objects in preference\r\n_ _ _ _ _ _ _ _ _ _ _ _ _ _ _ _ _ _ _ _ _ _ _ _ _ _ _ _ _ _ _ _ _ _ _ _ _ _ _ _ _ _ _ _ _ _ _ _ _ _ _ _ _ _ _ _ _ _ _ _ _ _ _ _ _ _ _ _ _ _ _ _ _ _ _ _ _ _ _ \r\n\r\n>   ???\r\nE   TypeError: __new__() missing 1 required positional argument: 'expr'\r\n\r\n<string>:1: TypeError\r\n```\n",
  "hints_text": "",
  "created_at": "2018-11-21T18:53:21Z",
  "version": "1.4",
  "FAIL_TO_PASS": "[\"test_implicit_application\"]",
  "PASS_TO_PASS": "[\"test_implicit_multiplication\", \"test_function_exponentiation\", \"test_symbol_splitting\"]",
  "environment_setup_commit": "73b3f90093754c5ed1561bd885242330e3583004",
  "_download_metadata": {
    "downloaded_at": "2025-10-07T21:23:31.099813",
    "dataset_name": "swe-bench",
    "split": "test",
    "downloader_version": "0.1.0"
  }
}