{
  "repo": "sympy/sympy",
  "instance_id": "sympy__sympy-13346",
  "base_commit": "19c75f32f62e1d8900520861261d5eccda243194",
  "patch": "diff --git a/sympy/printing/pycode.py b/sympy/printing/pycode.py\n--- a/sympy/printing/pycode.py\n+++ b/sympy/printing/pycode.py\n@@ -206,9 +206,6 @@ class MpmathPrinter(PythonCodePrinter):\n         [(k, 'mpmath.' + v) for k, v in _known_functions_mpmath.items()]\n     ))\n \n-    def _print_Integer(self, e):\n-        return '%s(%d)' % (self._module_format('mpmath.mpf'), e)\n-\n     def _print_Float(self, e):\n         # XXX: This does not handle setting mpmath.mp.dps. It is assumed that\n         # the caller of the lambdified function will have set it to sufficient\n",
  "test_patch": "diff --git a/sympy/utilities/tests/test_lambdify.py b/sympy/utilities/tests/test_lambdify.py\n--- a/sympy/utilities/tests/test_lambdify.py\n+++ b/sympy/utilities/tests/test_lambdify.py\n@@ -302,7 +302,7 @@ def test_math():\n \n def test_sin():\n     f = lambdify(x, sin(x)**2)\n-    assert isinstance(f(2), (float, mpmath.ctx_mp_python.mpf))\n+    assert isinstance(f(2), float)\n     f = lambdify(x, sin(x)**2, modules=\"math\")\n     assert isinstance(f(2), float)\n \n@@ -390,10 +390,6 @@ def test_issue9474():\n         f = lambdify(x, floor(sympy.S(1)/x), modules=mod)\n         assert f(2) == 0\n \n-    if mpmath:\n-        f = lambdify(x, sympy.S(1)/sympy.Abs(x), modules=['mpmath'])\n-        assert isinstance(f(2), mpmath.mpf)\n-\n     for absfunc, modules in product([Abs, abs], mods):\n         f = lambdify(x, absfunc(x), modules=modules)\n         assert f(-1) == 1\n",
  "problem_statement": "Test failures on non-NumPy environment\nFollowing tests fail on where NumPy is not installed:\r\n\r\n```\r\n_______________________________________________________________________________________________________________________\r\n__________________________ sympy\\concrete\\tests\\test_sums_products.py:test_evalf_fast_series __________________________\r\n  File \"c:\\users\\wisec\\documents\\github\\sympy\\sympy\\concrete\\tests\\test_sums_products.py\", line 334, in test_evalf_fast_series\r\n    4*n)*(1103 + 26390*n)/fac(n)**4/396**(4*n), (n, 0, oo)), 100) == pistr\r\nAssertionError\r\n_______________________________________________________________________________________________________________________\r\n____________________ sympy\\concrete\\tests\\test_sums_products.py:test_evalf_fast_series_issue_4021 _____________________\r\n  File \"c:\\users\\wisec\\documents\\github\\sympy\\sympy\\concrete\\tests\\test_sums_products.py\", line 355, in test_evalf_fast_series_issue_4021\r\n    NS(Catalan, 100)\r\nAssertionError\r\n_______________________________________________________________________________________________________________________\r\n_______________________________ sympy\\integrals\\tests\\test_quadrature.py:test_legendre ________________________________\r\n  File \"c:\\users\\wisec\\documents\\github\\sympy\\sympy\\integrals\\tests\\test_quadrature.py\", line 36, in test_legendre\r\n    '0.86113631159405258']\r\nAssertionError\r\n_______________________________________________________________________________________________________________________\r\n_______________________________ sympy\\integrals\\tests\\test_quadrature.py:test_laguerre ________________________________\r\n  File \"c:\\users\\wisec\\documents\\github\\sympy\\sympy\\integrals\\tests\\test_quadrature.py\", line 73, in test_laguerre\r\n    '6.2899450829374792',\r\nAssertionError\r\n_______________________________________________________________________________________________________________________\r\n___________________________ sympy\\integrals\\tests\\test_quadrature.py:test_laguerre_precise ____________________________\r\n  File \"c:\\users\\wisec\\documents\\github\\sympy\\sympy\\integrals\\tests\\test_quadrature.py\", line 113, in test_laguerre_precise\r\n    '6.289945082937479196866415765512131657493']\r\nAssertionError\r\n_______________________________________________________________________________________________________________________\r\n________________________________ sympy\\integrals\\tests\\test_quadrature.py:test_hermite ________________________________\r\n  File \"c:\\users\\wisec\\documents\\github\\sympy\\sympy\\integrals\\tests\\test_quadrature.py\", line 148, in test_hermite\r\n    '1.6506801238857846']\r\nAssertionError\r\n_______________________________________________________________________________________________________________________\r\n_____________________________ sympy\\integrals\\tests\\test_quadrature.py:test_gen_laguerre ______________________________\r\n  File \"c:\\users\\wisec\\documents\\github\\sympy\\sympy\\integrals\\tests\\test_quadrature.py\", line 199, in test_gen_laguerre\r\n    '5.5253437422632603']\r\nAssertionError\r\n_______________________________________________________________________________________________________________________\r\n_________________________ sympy\\integrals\\tests\\test_quadrature.py:test_gen_laguerre_precise __________________________\r\n  File \"c:\\users\\wisec\\documents\\github\\sympy\\sympy\\integrals\\tests\\test_quadrature.py\", line 285, in test_gen_laguerre_precise\r\n    '5.525343742263260275941422110422329464413']\r\nAssertionError\r\n_______________________________________________________________________________________________________________________\r\n________________________________ sympy\\integrals\\tests\\test_quadrature.py:test_jacobi _________________________________\r\n  File \"c:\\users\\wisec\\documents\\github\\sympy\\sympy\\integrals\\tests\\test_quadrature.py\", line 443, in test_jacobi\r\n    '0.90096886790241913']\r\nAssertionError\r\n_______________________________________________________________________________________________________________________\r\n____________________________ sympy\\integrals\\tests\\test_quadrature.py:test_jacobi_precise _____________________________\r\n  File \"c:\\users\\wisec\\documents\\github\\sympy\\sympy\\integrals\\tests\\test_quadrature.py\", line 529, in test_jacobi_precise\r\n    '0.9009688679024191262361023195074450511659']\r\nAssertionError\r\n_______________________________________________________________________________________________________________________\r\n__________________________ sympy\\polys\\tests\\test_rootoftools.py:test_CRootOf_eval_rational ___________________________\r\n  File \"c:\\users\\wisec\\documents\\github\\sympy\\sympy\\polys\\tests\\test_rootoftools.py\", line 297, in test_CRootOf_eval_rational\r\n    \"0.86113631159405258\",\r\nAssertionError\r\n```\r\nTemporarily fixed by #13196:\r\n```\r\n_______________________________________________________________________________________________________________________\r\n___________________________________ sympy\\utilities\\tests\\test_lambdify.py:test_sin ___________________________________\r\n  File \"c:\\users\\wisec\\documents\\github\\sympy\\sympy\\utilities\\tests\\test_lambdify.py\", line 305, in test_sin\r\n    assert isinstance(f(2), float)\r\nAssertionError\r\n```\r\n\r\n\r\nFollowing doctest fails:\r\n\r\n```\r\n_______________________________________________________________________________________________________________________\r\n_______________________________________ sympy.matrices.matrices.DeferredVector ________________________________________\r\nFile \"c:\\users\\wisec\\documents\\github\\sympy\\sympy\\matrices\\matrices.py\", line 51, in sympy.matrices.matrices.DeferredVector\r\nFailed example:\r\n    func( [1, 2, 3] )\r\nExpected:\r\n    (3, 6)\r\nGot:\r\n    (3.0, 6.0)\r\n```\n",
  "hints_text": "This is caused by #13168 and that MpmathPrinter converts Integer into floats.",
  "created_at": "2017-09-25T10:30:00Z",
  "version": "1.1",
  "FAIL_TO_PASS": "[\"test_sin\"]",
  "PASS_TO_PASS": "[\"test_no_args\", \"test_single_arg\", \"test_list_args\", \"test_str_args\", \"test_own_namespace_1\", \"test_own_namespace_2\", \"test_own_module\", \"test_bad_args\", \"test_atoms\", \"test_sympy_lambda\", \"test_math_lambda\", \"test_mpmath_lambda\", \"test_number_precision\", \"test_mpmath_precision\", \"test_math_transl\", \"test_mpmath_transl\", \"test_exponentiation\", \"test_sqrt\", \"test_trig\", \"test_vector_simple\", \"test_vector_discontinuous\", \"test_trig_symbolic\", \"test_trig_float\", \"test_docs\", \"test_math\", \"test_matrix\", \"test_issue9474\", \"test_integral\", \"test_sym_single_arg\", \"test_sym_list_args\", \"test_sym_integral\", \"test_namespace_order\", \"test_imps\", \"test_imps_errors\", \"test_imps_wrong_args\", \"test_lambdify_imps\", \"test_dummification\", \"test_python_keywords\", \"test_lambdify_docstring\", \"test_special_printers\", \"test_true_false\", \"test_issue_2790\", \"test_issue_12092\", \"test_ITE\", \"test_Min_Max\", \"test_issue_12173\"]",
  "environment_setup_commit": "ec9e3c0436fbff934fa84e22bf07f1b3ef5bfac3",
  "_download_metadata": {
    "downloaded_at": "2025-10-07T21:23:31.082924",
    "dataset_name": "swe-bench",
    "split": "test",
    "downloader_version": "0.1.0"
  }
}